2025-06-06 16:09:10,603 - INFO - Starting CFG training
2025-06-06 16:09:36,169 - INFO - Epoch 001 | Train loss: 0.14965
2025-06-06 16:09:37,556 - INFO - Epoch 001 | Test  loss: 0.09070
2025-06-06 16:09:43,227 - INFO - Saved sample grid at epoch 001
2025-06-06 16:10:07,541 - INFO - Epoch 002 | Train loss: 0.09092
2025-06-06 16:10:08,805 - INFO - Epoch 002 | Test  loss: 0.08334
2025-06-06 16:10:14,343 - INFO - Saved sample grid at epoch 002
2025-06-06 16:10:38,751 - INFO - Epoch 003 | Train loss: 0.08445
2025-06-06 16:10:40,168 - INFO - Epoch 003 | Test  loss: 0.07672
2025-06-06 16:10:46,294 - INFO - Saved sample grid at epoch 003
2025-06-06 16:11:11,315 - INFO - Epoch 004 | Train loss: 0.07988
2025-06-06 16:11:12,636 - INFO - Epoch 004 | Test  loss: 0.07516
2025-06-06 16:11:17,737 - INFO - Saved sample grid at epoch 004
2025-06-06 16:11:41,898 - INFO - Epoch 005 | Train loss: 0.07783
2025-06-06 16:11:43,207 - INFO - Epoch 005 | Test  loss: 0.07521
2025-06-06 16:11:49,171 - INFO - Saved sample grid at epoch 005
2025-06-06 16:12:13,367 - INFO - Epoch 006 | Train loss: 0.07605
2025-06-06 16:12:14,666 - INFO - Epoch 006 | Test  loss: 0.07170
2025-06-06 16:12:20,688 - INFO - Saved sample grid at epoch 006
2025-06-06 16:12:43,722 - INFO - Epoch 007 | Train loss: 0.07538
2025-06-06 16:12:44,914 - INFO - Epoch 007 | Test  loss: 0.07260
2025-06-06 16:12:49,007 - INFO - Saved sample grid at epoch 007
2025-06-06 16:13:13,363 - INFO - Epoch 008 | Train loss: 0.07382
2025-06-06 16:13:14,757 - INFO - Epoch 008 | Test  loss: 0.07198
2025-06-06 16:13:20,798 - INFO - Saved sample grid at epoch 008
2025-06-06 16:13:44,721 - INFO - Epoch 009 | Train loss: 0.07374
2025-06-06 16:13:46,049 - INFO - Epoch 009 | Test  loss: 0.07122
2025-06-06 16:13:52,119 - INFO - Saved sample grid at epoch 009
2025-06-06 16:14:16,023 - INFO - Epoch 010 | Train loss: 0.07222
2025-06-06 16:14:17,353 - INFO - Epoch 010 | Test  loss: 0.07007
2025-06-06 16:14:23,386 - INFO - Saved sample grid at epoch 010
2025-06-06 16:14:47,731 - INFO - Epoch 011 | Train loss: 0.07174
2025-06-06 16:14:49,018 - INFO - Epoch 011 | Test  loss: 0.06928
2025-06-06 16:14:55,064 - INFO - Saved sample grid at epoch 011
2025-06-06 16:15:19,632 - INFO - Epoch 012 | Train loss: 0.07182
2025-06-06 16:15:20,940 - INFO - Epoch 012 | Test  loss: 0.06793
2025-06-06 16:15:26,940 - INFO - Saved sample grid at epoch 012
2025-06-06 16:15:51,145 - INFO - Epoch 013 | Train loss: 0.07141
2025-06-06 16:15:52,456 - INFO - Epoch 013 | Test  loss: 0.06724
2025-06-06 16:15:58,542 - INFO - Saved sample grid at epoch 013
2025-06-06 16:16:22,427 - INFO - Epoch 014 | Train loss: 0.07081
2025-06-06 16:16:23,745 - INFO - Epoch 014 | Test  loss: 0.06753
2025-06-06 16:16:29,848 - INFO - Saved sample grid at epoch 014
2025-06-06 16:16:53,897 - INFO - Epoch 015 | Train loss: 0.07051
2025-06-06 16:16:55,193 - INFO - Epoch 015 | Test  loss: 0.06550
2025-06-06 16:17:01,164 - INFO - Saved sample grid at epoch 015
2025-06-06 16:17:26,740 - INFO - Epoch 016 | Train loss: 0.06892
2025-06-06 16:17:28,115 - INFO - Epoch 016 | Test  loss: 0.06625
2025-06-06 16:17:34,212 - INFO - Saved sample grid at epoch 016
2025-06-06 16:17:58,699 - INFO - Epoch 017 | Train loss: 0.06901
2025-06-06 16:18:00,009 - INFO - Epoch 017 | Test  loss: 0.06965
2025-06-06 16:18:06,150 - INFO - Saved sample grid at epoch 017
2025-06-06 16:18:30,884 - INFO - Epoch 018 | Train loss: 0.06999
2025-06-06 16:18:32,226 - INFO - Epoch 018 | Test  loss: 0.06585
2025-06-06 16:18:37,851 - INFO - Saved sample grid at epoch 018
2025-06-06 16:19:02,131 - INFO - Epoch 019 | Train loss: 0.06986
2025-06-06 16:19:03,428 - INFO - Epoch 019 | Test  loss: 0.06707
2025-06-06 16:19:09,467 - INFO - Saved sample grid at epoch 019
2025-06-06 16:19:33,498 - INFO - Epoch 020 | Train loss: 0.06867
2025-06-06 16:19:34,775 - INFO - Epoch 020 | Test  loss: 0.06672
2025-06-06 16:19:40,753 - INFO - Saved sample grid at epoch 020
2025-06-06 16:20:04,647 - INFO - Epoch 021 | Train loss: 0.06890
2025-06-06 16:20:05,912 - INFO - Epoch 021 | Test  loss: 0.06699
2025-06-06 16:20:12,026 - INFO - Saved sample grid at epoch 021
2025-06-06 16:20:36,001 - INFO - Epoch 022 | Train loss: 0.06860
2025-06-06 16:20:37,382 - INFO - Epoch 022 | Test  loss: 0.06558
2025-06-06 16:20:41,962 - INFO - Saved sample grid at epoch 022
2025-06-06 16:21:04,941 - INFO - Epoch 023 | Train loss: 0.06875
2025-06-06 16:21:06,183 - INFO - Epoch 023 | Test  loss: 0.06684
2025-06-06 16:21:12,446 - INFO - Saved sample grid at epoch 023
2025-06-06 16:21:36,667 - INFO - Epoch 024 | Train loss: 0.06872
2025-06-06 16:21:38,003 - INFO - Epoch 024 | Test  loss: 0.06551
2025-06-06 16:21:43,238 - INFO - Saved sample grid at epoch 024
2025-06-06 16:22:07,217 - INFO - Epoch 025 | Train loss: 0.06789
2025-06-06 16:22:08,470 - INFO - Epoch 025 | Test  loss: 0.06669
2025-06-06 16:22:14,469 - INFO - Saved sample grid at epoch 025
2025-06-06 16:22:38,444 - INFO - Epoch 026 | Train loss: 0.06913
2025-06-06 16:22:39,708 - INFO - Epoch 026 | Test  loss: 0.06740
2025-06-06 16:22:45,745 - INFO - Saved sample grid at epoch 026
2025-06-06 16:23:10,146 - INFO - Epoch 027 | Train loss: 0.06879
2025-06-06 16:23:11,375 - INFO - Epoch 027 | Test  loss: 0.06549
2025-06-06 16:23:17,386 - INFO - Saved sample grid at epoch 027
2025-06-06 16:23:41,402 - INFO - Epoch 028 | Train loss: 0.06811
2025-06-06 16:23:42,627 - INFO - Epoch 028 | Test  loss: 0.06466
2025-06-06 16:23:48,731 - INFO - Saved sample grid at epoch 028
2025-06-06 16:24:12,581 - INFO - Epoch 029 | Train loss: 0.06868
2025-06-06 16:24:13,918 - INFO - Epoch 029 | Test  loss: 0.06670
2025-06-06 16:24:18,676 - INFO - Saved sample grid at epoch 029
2025-06-06 16:24:42,497 - INFO - Epoch 030 | Train loss: 0.06911
2025-06-06 16:24:43,816 - INFO - Epoch 030 | Test  loss: 0.06645
2025-06-06 16:24:49,680 - INFO - Saved sample grid at epoch 030
2025-06-06 16:25:12,729 - INFO - Epoch 031 | Train loss: 0.06800
2025-06-06 16:25:13,985 - INFO - Epoch 031 | Test  loss: 0.06616
2025-06-06 16:25:20,023 - INFO - Saved sample grid at epoch 031
2025-06-06 16:25:43,050 - INFO - Epoch 032 | Train loss: 0.06692
2025-06-06 16:25:44,336 - INFO - Epoch 032 | Test  loss: 0.06578
2025-06-06 16:25:50,402 - INFO - Saved sample grid at epoch 032
2025-06-06 16:26:14,225 - INFO - Epoch 033 | Train loss: 0.06797
2025-06-06 16:26:15,512 - INFO - Epoch 033 | Test  loss: 0.06510
2025-06-06 16:26:21,104 - INFO - Saved sample grid at epoch 033
2025-06-06 16:26:45,423 - INFO - Epoch 034 | Train loss: 0.06753
2025-06-06 16:26:46,751 - INFO - Epoch 034 | Test  loss: 0.06539
2025-06-06 16:26:52,793 - INFO - Saved sample grid at epoch 034
2025-06-06 16:27:17,047 - INFO - Epoch 035 | Train loss: 0.06788
2025-06-06 16:27:18,353 - INFO - Epoch 035 | Test  loss: 0.06452
2025-06-06 16:27:24,413 - INFO - Saved sample grid at epoch 035
2025-06-06 16:27:49,116 - INFO - Epoch 036 | Train loss: 0.06754
2025-06-06 16:27:50,433 - INFO - Epoch 036 | Test  loss: 0.06523
2025-06-06 16:27:54,511 - INFO - Saved sample grid at epoch 036
2025-06-06 16:28:20,318 - INFO - Epoch 037 | Train loss: 0.06662
2025-06-06 16:28:21,611 - INFO - Epoch 037 | Test  loss: 0.06546
2025-06-06 16:28:26,898 - INFO - Saved sample grid at epoch 037
2025-06-06 16:28:50,094 - INFO - Epoch 038 | Train loss: 0.06713
2025-06-06 16:28:51,446 - INFO - Epoch 038 | Test  loss: 0.06498
2025-06-06 16:28:57,857 - INFO - Saved sample grid at epoch 038
2025-06-06 16:29:22,014 - INFO - Epoch 039 | Train loss: 0.06659
2025-06-06 16:29:23,306 - INFO - Epoch 039 | Test  loss: 0.06584
2025-06-06 16:29:29,388 - INFO - Saved sample grid at epoch 039
2025-06-06 16:29:53,565 - INFO - Epoch 040 | Train loss: 0.06740
2025-06-06 16:29:54,948 - INFO - Epoch 040 | Test  loss: 0.06282
2025-06-06 16:30:00,751 - INFO - Saved sample grid at epoch 040
2025-06-06 16:30:25,080 - INFO - Epoch 041 | Train loss: 0.06763
2025-06-06 16:30:26,301 - INFO - Epoch 041 | Test  loss: 0.06636
2025-06-06 16:30:32,271 - INFO - Saved sample grid at epoch 041
2025-06-06 16:30:56,555 - INFO - Epoch 042 | Train loss: 0.06806
2025-06-06 16:30:57,880 - INFO - Epoch 042 | Test  loss: 0.06302
2025-06-06 16:31:03,953 - INFO - Saved sample grid at epoch 042
2025-06-06 16:31:27,967 - INFO - Epoch 043 | Train loss: 0.06686
2025-06-06 16:31:29,210 - INFO - Epoch 043 | Test  loss: 0.06493
2025-06-06 16:31:35,246 - INFO - Saved sample grid at epoch 043
2025-06-06 16:31:59,135 - INFO - Epoch 044 | Train loss: 0.06717
2025-06-06 16:32:00,374 - INFO - Epoch 044 | Test  loss: 0.06398
2025-06-06 16:32:05,638 - INFO - Saved sample grid at epoch 044
2025-06-06 16:32:29,786 - INFO - Epoch 045 | Train loss: 0.06631
2025-06-06 16:32:30,991 - INFO - Epoch 045 | Test  loss: 0.06558
2025-06-06 16:32:37,068 - INFO - Saved sample grid at epoch 045
2025-06-06 16:33:00,796 - INFO - Epoch 046 | Train loss: 0.06716
2025-06-06 16:33:02,042 - INFO - Epoch 046 | Test  loss: 0.06426
2025-06-06 16:33:08,134 - INFO - Saved sample grid at epoch 046
2025-06-06 16:33:32,187 - INFO - Epoch 047 | Train loss: 0.06753
2025-06-06 16:33:33,454 - INFO - Epoch 047 | Test  loss: 0.06439
2025-06-06 16:33:39,397 - INFO - Saved sample grid at epoch 047
2025-06-06 16:34:03,337 - INFO - Epoch 048 | Train loss: 0.06744
2025-06-06 16:34:04,656 - INFO - Epoch 048 | Test  loss: 0.06389
2025-06-06 16:34:10,729 - INFO - Saved sample grid at epoch 048
2025-06-06 16:34:34,644 - INFO - Epoch 049 | Train loss: 0.06582
2025-06-06 16:34:35,923 - INFO - Epoch 049 | Test  loss: 0.06403
2025-06-06 16:34:41,047 - INFO - Saved sample grid at epoch 049
2025-06-06 16:35:05,215 - INFO - Epoch 050 | Train loss: 0.06713
2025-06-06 16:35:06,535 - INFO - Epoch 050 | Test  loss: 0.06477
2025-06-06 16:35:12,641 - INFO - Saved sample grid at epoch 050
2025-06-06 16:35:36,614 - INFO - Epoch 051 | Train loss: 0.06652
2025-06-06 16:35:37,986 - INFO - Epoch 051 | Test  loss: 0.06318
2025-06-06 16:35:44,073 - INFO - Saved sample grid at epoch 051
2025-06-06 16:36:07,796 - INFO - Epoch 052 | Train loss: 0.06691
2025-06-06 16:36:09,122 - INFO - Epoch 052 | Test  loss: 0.06331
2025-06-06 16:36:15,165 - INFO - Saved sample grid at epoch 052
2025-06-06 16:36:39,465 - INFO - Epoch 053 | Train loss: 0.06656
2025-06-06 16:36:40,808 - INFO - Epoch 053 | Test  loss: 0.06257
2025-06-06 16:36:46,937 - INFO - Saved sample grid at epoch 053
2025-06-06 16:37:10,948 - INFO - Epoch 054 | Train loss: 0.06669
2025-06-06 16:37:12,251 - INFO - Epoch 054 | Test  loss: 0.06416
2025-06-06 16:37:18,262 - INFO - Saved sample grid at epoch 054
2025-06-06 16:37:42,524 - INFO - Epoch 055 | Train loss: 0.06672
2025-06-06 16:37:43,832 - INFO - Epoch 055 | Test  loss: 0.06428
2025-06-06 16:37:49,874 - INFO - Saved sample grid at epoch 055
2025-06-06 16:38:13,920 - INFO - Epoch 056 | Train loss: 0.06717
2025-06-06 16:38:15,142 - INFO - Epoch 056 | Test  loss: 0.06375
2025-06-06 16:38:20,983 - INFO - Saved sample grid at epoch 056
2025-06-06 16:38:45,271 - INFO - Epoch 057 | Train loss: 0.06686
2025-06-06 16:38:46,682 - INFO - Epoch 057 | Test  loss: 0.06489
2025-06-06 16:38:51,991 - INFO - Saved sample grid at epoch 057
2025-06-06 16:39:15,885 - INFO - Epoch 058 | Train loss: 0.06617
2025-06-06 16:39:17,206 - INFO - Epoch 058 | Test  loss: 0.06335
2025-06-06 16:39:23,237 - INFO - Saved sample grid at epoch 058
2025-06-06 16:39:47,604 - INFO - Epoch 059 | Train loss: 0.06597
2025-06-06 16:39:48,879 - INFO - Epoch 059 | Test  loss: 0.06464
2025-06-06 16:39:54,944 - INFO - Saved sample grid at epoch 059
2025-06-06 16:40:18,905 - INFO - Epoch 060 | Train loss: 0.06615
2025-06-06 16:40:20,404 - INFO - Epoch 060 | Test  loss: 0.06360
2025-06-06 16:40:26,400 - INFO - Saved sample grid at epoch 060
2025-06-06 16:40:49,713 - INFO - Epoch 061 | Train loss: 0.06677
2025-06-06 16:40:51,013 - INFO - Epoch 061 | Test  loss: 0.06549
2025-06-06 16:40:57,069 - INFO - Saved sample grid at epoch 061
2025-06-06 16:41:21,050 - INFO - Epoch 062 | Train loss: 0.06695
2025-06-06 16:41:22,387 - INFO - Epoch 062 | Test  loss: 0.06480
2025-06-06 16:41:28,458 - INFO - Saved sample grid at epoch 062
2025-06-06 16:41:51,509 - INFO - Epoch 063 | Train loss: 0.06619
2025-06-06 16:41:52,736 - INFO - Epoch 063 | Test  loss: 0.06398
2025-06-06 16:41:58,221 - INFO - Saved sample grid at epoch 063
2025-06-06 16:42:21,648 - INFO - Epoch 064 | Train loss: 0.06498
2025-06-06 16:42:22,931 - INFO - Epoch 064 | Test  loss: 0.06426
2025-06-06 16:42:28,938 - INFO - Saved sample grid at epoch 064
2025-06-06 16:42:53,058 - INFO - Epoch 065 | Train loss: 0.06595
2025-06-06 16:42:54,375 - INFO - Epoch 065 | Test  loss: 0.06424
2025-06-06 16:43:00,452 - INFO - Saved sample grid at epoch 065
2025-06-06 16:43:24,932 - INFO - Epoch 066 | Train loss: 0.06603
2025-06-06 16:43:26,249 - INFO - Epoch 066 | Test  loss: 0.06371
2025-06-06 16:43:30,541 - INFO - Saved sample grid at epoch 066
2025-06-06 16:43:54,483 - INFO - Epoch 067 | Train loss: 0.06624
2025-06-06 16:43:55,792 - INFO - Epoch 067 | Test  loss: 0.06465
2025-06-06 16:44:01,811 - INFO - Saved sample grid at epoch 067
2025-06-06 16:44:26,061 - INFO - Epoch 068 | Train loss: 0.06619
2025-06-06 16:44:27,369 - INFO - Epoch 068 | Test  loss: 0.06399
2025-06-06 16:44:33,396 - INFO - Saved sample grid at epoch 068
2025-06-06 16:44:57,604 - INFO - Epoch 069 | Train loss: 0.06575
2025-06-06 16:44:58,877 - INFO - Epoch 069 | Test  loss: 0.06303
2025-06-06 16:45:05,161 - INFO - Saved sample grid at epoch 069
2025-06-06 16:45:28,850 - INFO - Epoch 070 | Train loss: 0.06576
2025-06-06 16:45:30,105 - INFO - Epoch 070 | Test  loss: 0.06379
2025-06-06 16:45:36,149 - INFO - Saved sample grid at epoch 070
2025-06-06 16:45:59,971 - INFO - Epoch 071 | Train loss: 0.06629
2025-06-06 16:46:01,470 - INFO - Epoch 071 | Test  loss: 0.06504
2025-06-06 16:46:07,035 - INFO - Saved sample grid at epoch 071
2025-06-06 16:46:30,883 - INFO - Epoch 072 | Train loss: 0.06570
2025-06-06 16:46:32,194 - INFO - Epoch 072 | Test  loss: 0.06499
2025-06-06 16:46:38,345 - INFO - Saved sample grid at epoch 072
2025-06-06 16:47:02,191 - INFO - Epoch 073 | Train loss: 0.06594
2025-06-06 16:47:03,566 - INFO - Epoch 073 | Test  loss: 0.06578
2025-06-06 16:47:09,600 - INFO - Saved sample grid at epoch 073
2025-06-06 16:47:33,661 - INFO - Epoch 074 | Train loss: 0.06649
2025-06-06 16:47:34,901 - INFO - Epoch 074 | Test  loss: 0.06460
2025-06-06 16:47:40,978 - INFO - Saved sample grid at epoch 074
2025-06-06 16:48:04,933 - INFO - Epoch 075 | Train loss: 0.06652
2025-06-06 16:48:06,407 - INFO - Epoch 075 | Test  loss: 0.06374
2025-06-06 16:48:12,708 - INFO - Saved sample grid at epoch 075
2025-06-06 16:48:36,348 - INFO - Epoch 076 | Train loss: 0.06643
2025-06-06 16:48:37,709 - INFO - Epoch 076 | Test  loss: 0.06496
2025-06-06 16:48:43,794 - INFO - Saved sample grid at epoch 076
2025-06-06 16:49:08,123 - INFO - Epoch 077 | Train loss: 0.06573
2025-06-06 16:49:09,460 - INFO - Epoch 077 | Test  loss: 0.06270
2025-06-06 16:49:15,445 - INFO - Saved sample grid at epoch 077
2025-06-06 16:49:40,116 - INFO - Epoch 078 | Train loss: 0.06644
2025-06-06 16:49:41,415 - INFO - Epoch 078 | Test  loss: 0.06339
2025-06-06 16:49:47,439 - INFO - Saved sample grid at epoch 078
2025-06-06 16:50:12,000 - INFO - Epoch 079 | Train loss: 0.06600
2025-06-06 16:50:13,203 - INFO - Epoch 079 | Test  loss: 0.06335
2025-06-06 16:50:19,186 - INFO - Saved sample grid at epoch 079
2025-06-06 16:50:43,227 - INFO - Epoch 080 | Train loss: 0.06646
2025-06-06 16:50:44,473 - INFO - Epoch 080 | Test  loss: 0.06360
2025-06-06 16:50:50,490 - INFO - Saved sample grid at epoch 080
2025-06-06 16:51:14,623 - INFO - Epoch 081 | Train loss: 0.06551
2025-06-06 16:51:15,903 - INFO - Epoch 081 | Test  loss: 0.06528
2025-06-06 16:51:21,973 - INFO - Saved sample grid at epoch 081
2025-06-06 16:51:45,801 - INFO - Epoch 082 | Train loss: 0.06578
2025-06-06 16:51:47,170 - INFO - Epoch 082 | Test  loss: 0.06531
2025-06-06 16:51:53,266 - INFO - Saved sample grid at epoch 082
2025-06-06 16:52:17,187 - INFO - Epoch 083 | Train loss: 0.06513
2025-06-06 16:52:18,444 - INFO - Epoch 083 | Test  loss: 0.06441
2025-06-06 16:52:24,495 - INFO - Saved sample grid at epoch 083
2025-06-06 16:52:48,437 - INFO - Epoch 084 | Train loss: 0.06581
2025-06-06 16:52:49,686 - INFO - Epoch 084 | Test  loss: 0.06427
2025-06-06 16:52:55,142 - INFO - Saved sample grid at epoch 084
2025-06-06 16:53:19,579 - INFO - Epoch 085 | Train loss: 0.06551
2025-06-06 16:53:20,891 - INFO - Epoch 085 | Test  loss: 0.06312
2025-06-06 16:53:26,984 - INFO - Saved sample grid at epoch 085
2025-06-06 16:53:50,708 - INFO - Epoch 086 | Train loss: 0.06480
2025-06-06 16:53:52,027 - INFO - Epoch 086 | Test  loss: 0.06335
2025-06-06 16:53:56,882 - INFO - Saved sample grid at epoch 086
2025-06-06 16:54:20,943 - INFO - Epoch 087 | Train loss: 0.06567
2025-06-06 16:54:22,255 - INFO - Epoch 087 | Test  loss: 0.06583
2025-06-06 16:54:28,330 - INFO - Saved sample grid at epoch 087
2025-06-06 16:54:52,192 - INFO - Epoch 088 | Train loss: 0.06563
2025-06-06 16:54:53,517 - INFO - Epoch 088 | Test  loss: 0.06198
2025-06-06 16:54:59,553 - INFO - Saved sample grid at epoch 088
2025-06-06 16:55:23,221 - INFO - Epoch 089 | Train loss: 0.06605
2025-06-06 16:55:24,517 - INFO - Epoch 089 | Test  loss: 0.06348
2025-06-06 16:55:29,870 - INFO - Saved sample grid at epoch 089
2025-06-06 16:55:54,118 - INFO - Epoch 090 | Train loss: 0.06574
2025-06-06 16:55:55,433 - INFO - Epoch 090 | Test  loss: 0.06286
2025-06-06 16:56:00,609 - INFO - Saved sample grid at epoch 090
2025-06-06 16:56:25,127 - INFO - Epoch 091 | Train loss: 0.06530
2025-06-06 16:56:26,377 - INFO - Epoch 091 | Test  loss: 0.06314
2025-06-06 16:56:32,434 - INFO - Saved sample grid at epoch 091
2025-06-06 16:56:56,350 - INFO - Epoch 092 | Train loss: 0.06615
2025-06-06 16:56:57,647 - INFO - Epoch 092 | Test  loss: 0.06413
2025-06-06 16:57:03,708 - INFO - Saved sample grid at epoch 092
2025-06-06 16:57:27,606 - INFO - Epoch 093 | Train loss: 0.06614
2025-06-06 16:57:28,834 - INFO - Epoch 093 | Test  loss: 0.06482
2025-06-06 16:57:34,222 - INFO - Saved sample grid at epoch 093
2025-06-06 16:57:58,320 - INFO - Epoch 094 | Train loss: 0.06507
2025-06-06 16:57:59,727 - INFO - Epoch 094 | Test  loss: 0.06356
2025-06-06 16:58:05,785 - INFO - Saved sample grid at epoch 094
2025-06-06 16:58:29,665 - INFO - Epoch 095 | Train loss: 0.06586
2025-06-06 16:58:31,062 - INFO - Epoch 095 | Test  loss: 0.06477
2025-06-06 16:58:37,370 - INFO - Saved sample grid at epoch 095
2025-06-06 16:59:01,420 - INFO - Epoch 096 | Train loss: 0.06564
2025-06-06 16:59:02,653 - INFO - Epoch 096 | Test  loss: 0.06312
2025-06-06 16:59:08,653 - INFO - Saved sample grid at epoch 096
2025-06-06 16:59:32,648 - INFO - Epoch 097 | Train loss: 0.06630
2025-06-06 16:59:33,957 - INFO - Epoch 097 | Test  loss: 0.06239
2025-06-06 16:59:39,998 - INFO - Saved sample grid at epoch 097
2025-06-06 17:00:04,963 - INFO - Epoch 098 | Train loss: 0.06622
2025-06-06 17:00:06,238 - INFO - Epoch 098 | Test  loss: 0.06393
2025-06-06 17:00:12,274 - INFO - Saved sample grid at epoch 098
2025-06-06 17:00:36,015 - INFO - Epoch 099 | Train loss: 0.06575
2025-06-06 17:00:37,369 - INFO - Epoch 099 | Test  loss: 0.06398
2025-06-06 17:00:43,422 - INFO - Saved sample grid at epoch 099
2025-06-06 17:01:07,268 - INFO - Epoch 100 | Train loss: 0.06498
2025-06-06 17:01:08,781 - INFO - Epoch 100 | Test  loss: 0.06339
2025-06-06 17:01:14,365 - INFO - Saved sample grid at epoch 100
2025-06-06 17:01:14,451 - INFO - Saved model checkpoint: ./checkpoints/unet_epoch_100.pth
2025-06-06 17:01:38,435 - INFO - Epoch 101 | Train loss: 0.06535
2025-06-06 17:01:39,930 - INFO - Epoch 101 | Test  loss: 0.06349
2025-06-06 17:01:46,116 - INFO - Saved sample grid at epoch 101
2025-06-06 17:02:09,797 - INFO - Epoch 102 | Train loss: 0.06521
2025-06-06 17:02:11,079 - INFO - Epoch 102 | Test  loss: 0.06192
2025-06-06 17:02:17,180 - INFO - Saved sample grid at epoch 102
2025-06-06 17:02:40,547 - INFO - Epoch 103 | Train loss: 0.06559
2025-06-06 17:02:41,875 - INFO - Epoch 103 | Test  loss: 0.06530
2025-06-06 17:02:47,135 - INFO - Saved sample grid at epoch 103
2025-06-06 17:03:11,126 - INFO - Epoch 104 | Train loss: 0.06465
2025-06-06 17:03:12,451 - INFO - Epoch 104 | Test  loss: 0.06287
2025-06-06 17:03:18,520 - INFO - Saved sample grid at epoch 104
2025-06-06 17:03:43,595 - INFO - Epoch 105 | Train loss: 0.06643
2025-06-06 17:03:44,904 - INFO - Epoch 105 | Test  loss: 0.06266
2025-06-06 17:03:50,956 - INFO - Saved sample grid at epoch 105
2025-06-06 17:04:14,565 - INFO - Epoch 106 | Train loss: 0.06491
2025-06-06 17:04:15,835 - INFO - Epoch 106 | Test  loss: 0.06267
2025-06-06 17:04:21,532 - INFO - Saved sample grid at epoch 106
2025-06-06 17:04:45,320 - INFO - Epoch 107 | Train loss: 0.06591
2025-06-06 17:04:46,637 - INFO - Epoch 107 | Test  loss: 0.06485
2025-06-06 17:04:52,673 - INFO - Saved sample grid at epoch 107
2025-06-06 17:05:16,672 - INFO - Epoch 108 | Train loss: 0.06562
2025-06-06 17:05:17,991 - INFO - Epoch 108 | Test  loss: 0.06284
2025-06-06 17:05:24,291 - INFO - Saved sample grid at epoch 108
2025-06-06 17:05:48,434 - INFO - Epoch 109 | Train loss: 0.06585
2025-06-06 17:05:49,789 - INFO - Epoch 109 | Test  loss: 0.06335
2025-06-06 17:05:55,844 - INFO - Saved sample grid at epoch 109
2025-06-06 17:06:19,870 - INFO - Epoch 110 | Train loss: 0.06540
2025-06-06 17:06:21,187 - INFO - Epoch 110 | Test  loss: 0.06298
2025-06-06 17:06:27,034 - INFO - Saved sample grid at epoch 110
2025-06-06 17:06:51,398 - INFO - Epoch 111 | Train loss: 0.06531
2025-06-06 17:06:52,699 - INFO - Epoch 111 | Test  loss: 0.06294
2025-06-06 17:06:58,766 - INFO - Saved sample grid at epoch 111
2025-06-06 17:07:22,661 - INFO - Epoch 112 | Train loss: 0.06490
2025-06-06 17:07:23,940 - INFO - Epoch 112 | Test  loss: 0.06250
2025-06-06 17:07:29,960 - INFO - Saved sample grid at epoch 112
2025-06-06 17:07:53,990 - INFO - Epoch 113 | Train loss: 0.06535
2025-06-06 17:07:55,311 - INFO - Epoch 113 | Test  loss: 0.06292
2025-06-06 17:08:01,423 - INFO - Saved sample grid at epoch 113
2025-06-06 17:08:25,543 - INFO - Epoch 114 | Train loss: 0.06503
2025-06-06 17:08:26,803 - INFO - Epoch 114 | Test  loss: 0.06399
2025-06-06 17:08:32,950 - INFO - Saved sample grid at epoch 114
2025-06-06 17:08:57,178 - INFO - Epoch 115 | Train loss: 0.06458
2025-06-06 17:08:58,489 - INFO - Epoch 115 | Test  loss: 0.06427
2025-06-06 17:09:03,027 - INFO - Saved sample grid at epoch 115
2025-06-06 17:09:26,247 - INFO - Epoch 116 | Train loss: 0.06481
2025-06-06 17:09:27,551 - INFO - Epoch 116 | Test  loss: 0.06624
2025-06-06 17:09:33,321 - INFO - Saved sample grid at epoch 116
2025-06-06 17:09:57,502 - INFO - Epoch 117 | Train loss: 0.06552
2025-06-06 17:09:59,071 - INFO - Epoch 117 | Test  loss: 0.06403
2025-06-06 17:10:05,369 - INFO - Saved sample grid at epoch 117
2025-06-06 17:10:29,122 - INFO - Epoch 118 | Train loss: 0.06544
2025-06-06 17:10:30,423 - INFO - Epoch 118 | Test  loss: 0.06412
2025-06-06 17:10:36,500 - INFO - Saved sample grid at epoch 118
2025-06-06 17:11:00,633 - INFO - Epoch 119 | Train loss: 0.06608
2025-06-06 17:11:02,097 - INFO - Epoch 119 | Test  loss: 0.06289
2025-06-06 17:11:08,483 - INFO - Saved sample grid at epoch 119
2025-06-06 17:11:32,646 - INFO - Epoch 120 | Train loss: 0.06468
2025-06-06 17:11:33,983 - INFO - Epoch 120 | Test  loss: 0.06341
2025-06-06 17:11:40,051 - INFO - Saved sample grid at epoch 120
2025-06-06 17:12:04,049 - INFO - Epoch 121 | Train loss: 0.06485
2025-06-06 17:12:05,334 - INFO - Epoch 121 | Test  loss: 0.06335
2025-06-06 17:12:11,398 - INFO - Saved sample grid at epoch 121
2025-06-06 17:12:35,471 - INFO - Epoch 122 | Train loss: 0.06505
2025-06-06 17:12:36,937 - INFO - Epoch 122 | Test  loss: 0.06434
2025-06-06 17:12:43,047 - INFO - Saved sample grid at epoch 122
2025-06-06 17:13:07,011 - INFO - Epoch 123 | Train loss: 0.06605
2025-06-06 17:13:08,321 - INFO - Epoch 123 | Test  loss: 0.06360
2025-06-06 17:13:14,486 - INFO - Saved sample grid at epoch 123
2025-06-06 17:13:38,007 - INFO - Epoch 124 | Train loss: 0.06532
2025-06-06 17:13:39,344 - INFO - Epoch 124 | Test  loss: 0.06246
2025-06-06 17:13:44,838 - INFO - Saved sample grid at epoch 124
2025-06-06 17:14:09,115 - INFO - Epoch 125 | Train loss: 0.06525
2025-06-06 17:14:10,425 - INFO - Epoch 125 | Test  loss: 0.06411
2025-06-06 17:14:16,442 - INFO - Saved sample grid at epoch 125
2025-06-06 17:14:40,717 - INFO - Epoch 126 | Train loss: 0.06551
2025-06-06 17:14:41,989 - INFO - Epoch 126 | Test  loss: 0.06449
2025-06-06 17:14:48,034 - INFO - Saved sample grid at epoch 126
2025-06-06 17:15:12,040 - INFO - Epoch 127 | Train loss: 0.06557
2025-06-06 17:15:13,345 - INFO - Epoch 127 | Test  loss: 0.06369
2025-06-06 17:15:19,444 - INFO - Saved sample grid at epoch 127
2025-06-06 17:15:40,642 - INFO - Epoch 128 | Train loss: 0.06557
2025-06-06 17:15:41,968 - INFO - Epoch 128 | Test  loss: 0.06321
2025-06-06 17:15:48,055 - INFO - Saved sample grid at epoch 128
2025-06-06 17:16:10,541 - INFO - Epoch 129 | Train loss: 0.06481
2025-06-06 17:16:11,882 - INFO - Epoch 129 | Test  loss: 0.06280
2025-06-06 17:16:18,248 - INFO - Saved sample grid at epoch 129
2025-06-06 17:16:42,210 - INFO - Epoch 130 | Train loss: 0.06490
2025-06-06 17:16:43,420 - INFO - Epoch 130 | Test  loss: 0.06333
2025-06-06 17:16:49,502 - INFO - Saved sample grid at epoch 130
2025-06-06 17:17:13,849 - INFO - Epoch 131 | Train loss: 0.06538
2025-06-06 17:17:15,174 - INFO - Epoch 131 | Test  loss: 0.06198
2025-06-06 17:17:21,188 - INFO - Saved sample grid at epoch 131
2025-06-06 17:17:46,131 - INFO - Epoch 132 | Train loss: 0.06443
2025-06-06 17:17:47,468 - INFO - Epoch 132 | Test  loss: 0.06467
2025-06-06 17:17:53,485 - INFO - Saved sample grid at epoch 132
2025-06-06 17:18:17,244 - INFO - Epoch 133 | Train loss: 0.06567
2025-06-06 17:18:18,554 - INFO - Epoch 133 | Test  loss: 0.06134
2025-06-06 17:18:24,574 - INFO - Saved sample grid at epoch 133
2025-06-06 17:18:48,798 - INFO - Epoch 134 | Train loss: 0.06513
2025-06-06 17:18:50,117 - INFO - Epoch 134 | Test  loss: 0.06266
2025-06-06 17:18:55,508 - INFO - Saved sample grid at epoch 134
2025-06-06 17:19:18,917 - INFO - Epoch 135 | Train loss: 0.06459
2025-06-06 17:19:20,143 - INFO - Epoch 135 | Test  loss: 0.06390
2025-06-06 17:19:26,516 - INFO - Saved sample grid at epoch 135
2025-06-06 17:19:50,421 - INFO - Epoch 136 | Train loss: 0.06473
2025-06-06 17:19:51,731 - INFO - Epoch 136 | Test  loss: 0.06561
2025-06-06 17:19:57,071 - INFO - Saved sample grid at epoch 136
2025-06-06 17:20:21,106 - INFO - Epoch 137 | Train loss: 0.06634
2025-06-06 17:20:22,407 - INFO - Epoch 137 | Test  loss: 0.06301
2025-06-06 17:20:28,184 - INFO - Saved sample grid at epoch 137
2025-06-06 17:20:52,458 - INFO - Epoch 138 | Train loss: 0.06582
2025-06-06 17:20:53,676 - INFO - Epoch 138 | Test  loss: 0.06451
2025-06-06 17:20:59,977 - INFO - Saved sample grid at epoch 138
2025-06-06 17:21:24,019 - INFO - Epoch 139 | Train loss: 0.06549
2025-06-06 17:21:25,295 - INFO - Epoch 139 | Test  loss: 0.06345
2025-06-06 17:21:30,691 - INFO - Saved sample grid at epoch 139
2025-06-06 17:21:54,784 - INFO - Epoch 140 | Train loss: 0.06541
2025-06-06 17:21:56,104 - INFO - Epoch 140 | Test  loss: 0.06280
2025-06-06 17:22:02,412 - INFO - Saved sample grid at epoch 140
2025-06-06 17:22:26,149 - INFO - Epoch 141 | Train loss: 0.06557
2025-06-06 17:22:27,453 - INFO - Epoch 141 | Test  loss: 0.06317
2025-06-06 17:22:33,742 - INFO - Saved sample grid at epoch 141
2025-06-06 17:22:57,659 - INFO - Epoch 142 | Train loss: 0.06512
2025-06-06 17:22:59,150 - INFO - Epoch 142 | Test  loss: 0.06253
2025-06-06 17:23:05,208 - INFO - Saved sample grid at epoch 142
2025-06-06 17:23:29,198 - INFO - Epoch 143 | Train loss: 0.06436
2025-06-06 17:23:30,533 - INFO - Epoch 143 | Test  loss: 0.06187
2025-06-06 17:23:36,544 - INFO - Saved sample grid at epoch 143
2025-06-06 17:24:00,418 - INFO - Epoch 144 | Train loss: 0.06554
2025-06-06 17:24:01,733 - INFO - Epoch 144 | Test  loss: 0.06400
2025-06-06 17:24:07,797 - INFO - Saved sample grid at epoch 144
2025-06-06 17:24:31,903 - INFO - Epoch 145 | Train loss: 0.06528
2025-06-06 17:24:33,194 - INFO - Epoch 145 | Test  loss: 0.06435
2025-06-06 17:24:39,327 - INFO - Saved sample grid at epoch 145
2025-06-06 17:25:03,792 - INFO - Epoch 146 | Train loss: 0.06604
2025-06-06 17:25:05,038 - INFO - Epoch 146 | Test  loss: 0.06239
2025-06-06 17:25:11,199 - INFO - Saved sample grid at epoch 146
2025-06-06 17:25:35,381 - INFO - Epoch 147 | Train loss: 0.06437
2025-06-06 17:25:36,720 - INFO - Epoch 147 | Test  loss: 0.06388
2025-06-06 17:25:42,753 - INFO - Saved sample grid at epoch 147
2025-06-06 17:26:06,726 - INFO - Epoch 148 | Train loss: 0.06461
2025-06-06 17:26:08,077 - INFO - Epoch 148 | Test  loss: 0.06294
2025-06-06 17:26:13,985 - INFO - Saved sample grid at epoch 148
2025-06-06 17:26:37,951 - INFO - Epoch 149 | Train loss: 0.06378
2025-06-06 17:26:39,295 - INFO - Epoch 149 | Test  loss: 0.06300
2025-06-06 17:26:45,373 - INFO - Saved sample grid at epoch 149
2025-06-06 17:27:09,341 - INFO - Epoch 150 | Train loss: 0.06495
2025-06-06 17:27:10,673 - INFO - Epoch 150 | Test  loss: 0.06496
2025-06-06 17:27:16,726 - INFO - Saved sample grid at epoch 150
2025-06-06 17:27:40,873 - INFO - Epoch 151 | Train loss: 0.06433
2025-06-06 17:27:42,220 - INFO - Epoch 151 | Test  loss: 0.06369
2025-06-06 17:27:48,287 - INFO - Saved sample grid at epoch 151
2025-06-06 17:28:12,659 - INFO - Epoch 152 | Train loss: 0.06610
2025-06-06 17:28:14,045 - INFO - Epoch 152 | Test  loss: 0.06375
2025-06-06 17:28:20,067 - INFO - Saved sample grid at epoch 152
2025-06-06 17:28:43,859 - INFO - Epoch 153 | Train loss: 0.06454
2025-06-06 17:28:45,384 - INFO - Epoch 153 | Test  loss: 0.06193
2025-06-06 17:28:51,435 - INFO - Saved sample grid at epoch 153
2025-06-06 17:29:15,425 - INFO - Epoch 154 | Train loss: 0.06491
2025-06-06 17:29:16,680 - INFO - Epoch 154 | Test  loss: 0.06164
2025-06-06 17:29:22,831 - INFO - Saved sample grid at epoch 154
2025-06-06 17:29:46,655 - INFO - Epoch 155 | Train loss: 0.06546
2025-06-06 17:29:47,911 - INFO - Epoch 155 | Test  loss: 0.06073
2025-06-06 17:29:54,059 - INFO - Saved sample grid at epoch 155
2025-06-06 17:30:17,888 - INFO - Epoch 156 | Train loss: 0.06504
2025-06-06 17:30:19,203 - INFO - Epoch 156 | Test  loss: 0.06410
2025-06-06 17:30:25,414 - INFO - Saved sample grid at epoch 156
2025-06-06 17:30:49,116 - INFO - Epoch 157 | Train loss: 0.06475
2025-06-06 17:30:50,379 - INFO - Epoch 157 | Test  loss: 0.06293
2025-06-06 17:30:56,137 - INFO - Saved sample grid at epoch 157
2025-06-06 17:31:19,702 - INFO - Epoch 158 | Train loss: 0.06525
2025-06-06 17:31:21,053 - INFO - Epoch 158 | Test  loss: 0.06359
2025-06-06 17:31:27,124 - INFO - Saved sample grid at epoch 158
2025-06-06 17:31:51,389 - INFO - Epoch 159 | Train loss: 0.06496
2025-06-06 17:31:52,716 - INFO - Epoch 159 | Test  loss: 0.06300
2025-06-06 17:31:58,731 - INFO - Saved sample grid at epoch 159
2025-06-06 17:32:22,627 - INFO - Epoch 160 | Train loss: 0.06481
2025-06-06 17:32:23,918 - INFO - Epoch 160 | Test  loss: 0.06319
2025-06-06 17:32:29,976 - INFO - Saved sample grid at epoch 160
2025-06-06 17:32:54,047 - INFO - Epoch 161 | Train loss: 0.06483
2025-06-06 17:32:55,313 - INFO - Epoch 161 | Test  loss: 0.06324
2025-06-06 17:33:01,353 - INFO - Saved sample grid at epoch 161
2025-06-06 17:33:25,523 - INFO - Epoch 162 | Train loss: 0.06497
2025-06-06 17:33:26,860 - INFO - Epoch 162 | Test  loss: 0.06375
2025-06-06 17:33:32,949 - INFO - Saved sample grid at epoch 162
2025-06-06 17:33:56,703 - INFO - Epoch 163 | Train loss: 0.06536
2025-06-06 17:33:57,990 - INFO - Epoch 163 | Test  loss: 0.06322
2025-06-06 17:34:04,087 - INFO - Saved sample grid at epoch 163
2025-06-06 17:34:27,985 - INFO - Epoch 164 | Train loss: 0.06428
2025-06-06 17:34:29,321 - INFO - Epoch 164 | Test  loss: 0.06326
2025-06-06 17:34:35,290 - INFO - Saved sample grid at epoch 164
2025-06-06 17:34:59,788 - INFO - Epoch 165 | Train loss: 0.06479
2025-06-06 17:35:01,098 - INFO - Epoch 165 | Test  loss: 0.06266
2025-06-06 17:35:07,357 - INFO - Saved sample grid at epoch 165
2025-06-06 17:35:31,184 - INFO - Epoch 166 | Train loss: 0.06554
2025-06-06 17:35:32,558 - INFO - Epoch 166 | Test  loss: 0.06304
2025-06-06 17:35:38,627 - INFO - Saved sample grid at epoch 166
2025-06-06 17:36:02,516 - INFO - Epoch 167 | Train loss: 0.06485
2025-06-06 17:36:03,935 - INFO - Epoch 167 | Test  loss: 0.06283
2025-06-06 17:36:09,562 - INFO - Saved sample grid at epoch 167
2025-06-06 17:36:33,536 - INFO - Epoch 168 | Train loss: 0.06472
2025-06-06 17:36:34,879 - INFO - Epoch 168 | Test  loss: 0.06247
2025-06-06 17:36:41,170 - INFO - Saved sample grid at epoch 168
2025-06-06 17:37:04,803 - INFO - Epoch 169 | Train loss: 0.06482
2025-06-06 17:37:06,082 - INFO - Epoch 169 | Test  loss: 0.06338
2025-06-06 17:37:12,183 - INFO - Saved sample grid at epoch 169
2025-06-06 17:37:35,517 - INFO - Epoch 170 | Train loss: 0.06416
2025-06-06 17:37:36,748 - INFO - Epoch 170 | Test  loss: 0.06377
2025-06-06 17:37:42,397 - INFO - Saved sample grid at epoch 170
2025-06-06 17:38:04,416 - INFO - Epoch 171 | Train loss: 0.06461
2025-06-06 17:38:05,597 - INFO - Epoch 171 | Test  loss: 0.06332
2025-06-06 17:38:11,337 - INFO - Saved sample grid at epoch 171
2025-06-06 17:38:33,995 - INFO - Epoch 172 | Train loss: 0.06445
2025-06-06 17:38:35,305 - INFO - Epoch 172 | Test  loss: 0.06332
2025-06-06 17:38:41,400 - INFO - Saved sample grid at epoch 172
2025-06-06 17:39:05,458 - INFO - Epoch 173 | Train loss: 0.06505
2025-06-06 17:39:06,792 - INFO - Epoch 173 | Test  loss: 0.06444
2025-06-06 17:39:12,915 - INFO - Saved sample grid at epoch 173
2025-06-06 17:39:35,998 - INFO - Epoch 174 | Train loss: 0.06488
2025-06-06 17:39:37,202 - INFO - Epoch 174 | Test  loss: 0.06425
2025-06-06 17:39:42,347 - INFO - Saved sample grid at epoch 174
2025-06-06 17:40:06,498 - INFO - Epoch 175 | Train loss: 0.06532
2025-06-06 17:40:07,842 - INFO - Epoch 175 | Test  loss: 0.06289
2025-06-06 17:40:13,923 - INFO - Saved sample grid at epoch 175
2025-06-06 17:40:37,761 - INFO - Epoch 176 | Train loss: 0.06361
2025-06-06 17:40:39,082 - INFO - Epoch 176 | Test  loss: 0.06248
2025-06-06 17:40:45,130 - INFO - Saved sample grid at epoch 176
2025-06-06 17:41:08,757 - INFO - Epoch 177 | Train loss: 0.06504
2025-06-06 17:41:10,112 - INFO - Epoch 177 | Test  loss: 0.06451
2025-06-06 17:41:16,428 - INFO - Saved sample grid at epoch 177
2025-06-06 17:41:40,168 - INFO - Epoch 178 | Train loss: 0.06457
2025-06-06 17:41:41,492 - INFO - Epoch 178 | Test  loss: 0.06436
2025-06-06 17:41:45,792 - INFO - Saved sample grid at epoch 178
2025-06-06 17:42:10,409 - INFO - Epoch 179 | Train loss: 0.06509
2025-06-06 17:42:11,717 - INFO - Epoch 179 | Test  loss: 0.06374
2025-06-06 17:42:17,779 - INFO - Saved sample grid at epoch 179
2025-06-06 17:42:41,871 - INFO - Epoch 180 | Train loss: 0.06356
2025-06-06 17:42:43,097 - INFO - Epoch 180 | Test  loss: 0.06288
2025-06-06 17:42:49,153 - INFO - Saved sample grid at epoch 180
2025-06-06 17:43:13,045 - INFO - Epoch 181 | Train loss: 0.06509
2025-06-06 17:43:14,351 - INFO - Epoch 181 | Test  loss: 0.06165
2025-06-06 17:43:20,390 - INFO - Saved sample grid at epoch 181
2025-06-06 17:43:44,691 - INFO - Epoch 182 | Train loss: 0.06489
2025-06-06 17:43:46,019 - INFO - Epoch 182 | Test  loss: 0.06253
2025-06-06 17:43:51,972 - INFO - Saved sample grid at epoch 182
2025-06-06 17:44:15,019 - INFO - Epoch 183 | Train loss: 0.06442
2025-06-06 17:44:16,389 - INFO - Epoch 183 | Test  loss: 0.06323
2025-06-06 17:44:22,666 - INFO - Saved sample grid at epoch 183
2025-06-06 17:44:47,035 - INFO - Epoch 184 | Train loss: 0.06550
2025-06-06 17:44:48,353 - INFO - Epoch 184 | Test  loss: 0.06233
2025-06-06 17:44:52,574 - INFO - Saved sample grid at epoch 184
2025-06-06 17:45:16,530 - INFO - Epoch 185 | Train loss: 0.06497
2025-06-06 17:45:17,851 - INFO - Epoch 185 | Test  loss: 0.06367
2025-06-06 17:45:22,912 - INFO - Saved sample grid at epoch 185
2025-06-06 17:45:47,103 - INFO - Epoch 186 | Train loss: 0.06395
2025-06-06 17:45:48,653 - INFO - Epoch 186 | Test  loss: 0.06445
2025-06-06 17:45:53,547 - INFO - Saved sample grid at epoch 186
2025-06-06 17:46:17,602 - INFO - Epoch 187 | Train loss: 0.06448
2025-06-06 17:46:18,922 - INFO - Epoch 187 | Test  loss: 0.06307
2025-06-06 17:46:24,952 - INFO - Saved sample grid at epoch 187
2025-06-06 17:46:48,540 - INFO - Epoch 188 | Train loss: 0.06389
2025-06-06 17:46:49,960 - INFO - Epoch 188 | Test  loss: 0.06237
2025-06-06 17:46:54,566 - INFO - Saved sample grid at epoch 188
2025-06-06 17:47:17,042 - INFO - Epoch 189 | Train loss: 0.06553
2025-06-06 17:47:18,194 - INFO - Epoch 189 | Test  loss: 0.06289
2025-06-06 17:47:24,242 - INFO - Saved sample grid at epoch 189
2025-06-06 17:47:48,492 - INFO - Epoch 190 | Train loss: 0.06445
2025-06-06 17:47:49,821 - INFO - Epoch 190 | Test  loss: 0.06230
2025-06-06 17:47:55,953 - INFO - Saved sample grid at epoch 190
2025-06-06 17:48:20,118 - INFO - Epoch 191 | Train loss: 0.06461
2025-06-06 17:48:21,267 - INFO - Epoch 191 | Test  loss: 0.06295
2025-06-06 17:48:27,330 - INFO - Saved sample grid at epoch 191
2025-06-06 17:48:51,573 - INFO - Epoch 192 | Train loss: 0.06527
2025-06-06 17:48:52,912 - INFO - Epoch 192 | Test  loss: 0.06186
2025-06-06 17:48:58,965 - INFO - Saved sample grid at epoch 192
2025-06-06 17:49:22,962 - INFO - Epoch 193 | Train loss: 0.06417
2025-06-06 17:49:24,289 - INFO - Epoch 193 | Test  loss: 0.06377
2025-06-06 17:49:28,624 - INFO - Saved sample grid at epoch 193
2025-06-06 17:49:52,559 - INFO - Epoch 194 | Train loss: 0.06514
2025-06-06 17:49:53,872 - INFO - Epoch 194 | Test  loss: 0.06328
2025-06-06 17:49:59,431 - INFO - Saved sample grid at epoch 194
2025-06-06 17:50:24,937 - INFO - Epoch 195 | Train loss: 0.06443
2025-06-06 17:50:26,190 - INFO - Epoch 195 | Test  loss: 0.06479
2025-06-06 17:50:32,206 - INFO - Saved sample grid at epoch 195
2025-06-06 17:50:55,560 - INFO - Epoch 196 | Train loss: 0.06390
2025-06-06 17:50:56,910 - INFO - Epoch 196 | Test  loss: 0.06270
2025-06-06 17:51:03,266 - INFO - Saved sample grid at epoch 196
2025-06-06 17:51:26,291 - INFO - Epoch 197 | Train loss: 0.06408
2025-06-06 17:51:27,507 - INFO - Epoch 197 | Test  loss: 0.06327
2025-06-06 17:51:33,340 - INFO - Saved sample grid at epoch 197
2025-06-06 17:51:57,823 - INFO - Epoch 198 | Train loss: 0.06524
2025-06-06 17:51:59,122 - INFO - Epoch 198 | Test  loss: 0.06158
2025-06-06 17:52:05,193 - INFO - Saved sample grid at epoch 198
2025-06-06 17:52:29,020 - INFO - Epoch 199 | Train loss: 0.06410
2025-06-06 17:52:30,257 - INFO - Epoch 199 | Test  loss: 0.06272
2025-06-06 17:52:35,893 - INFO - Saved sample grid at epoch 199
2025-06-06 17:53:00,359 - INFO - Epoch 200 | Train loss: 0.06461
2025-06-06 17:53:01,649 - INFO - Epoch 200 | Test  loss: 0.06590
2025-06-06 17:53:07,229 - INFO - Saved sample grid at epoch 200
2025-06-06 17:53:07,308 - INFO - Saved model checkpoint: ./checkpoints/unet_epoch_200.pth
2025-06-06 17:53:31,182 - INFO - Epoch 201 | Train loss: 0.06401
2025-06-06 17:53:32,492 - INFO - Epoch 201 | Test  loss: 0.06430
2025-06-06 17:53:37,496 - INFO - Saved sample grid at epoch 201
2025-06-06 17:54:00,849 - INFO - Epoch 202 | Train loss: 0.06452
2025-06-06 17:54:02,149 - INFO - Epoch 202 | Test  loss: 0.06394
2025-06-06 17:54:08,221 - INFO - Saved sample grid at epoch 202
2025-06-06 17:54:32,336 - INFO - Epoch 203 | Train loss: 0.06563
2025-06-06 17:54:33,645 - INFO - Epoch 203 | Test  loss: 0.06372
2025-06-06 17:54:39,598 - INFO - Saved sample grid at epoch 203
2025-06-06 17:55:03,589 - INFO - Epoch 204 | Train loss: 0.06474
2025-06-06 17:55:04,874 - INFO - Epoch 204 | Test  loss: 0.06237
2025-06-06 17:55:10,150 - INFO - Saved sample grid at epoch 204
2025-06-06 17:55:35,841 - INFO - Epoch 205 | Train loss: 0.06432
2025-06-06 17:55:37,072 - INFO - Epoch 205 | Test  loss: 0.06426
2025-06-06 17:55:43,105 - INFO - Saved sample grid at epoch 205
2025-06-06 17:56:07,095 - INFO - Epoch 206 | Train loss: 0.06466
2025-06-06 17:56:08,418 - INFO - Epoch 206 | Test  loss: 0.06337
2025-06-06 17:56:14,275 - INFO - Saved sample grid at epoch 206
2025-06-06 17:56:38,226 - INFO - Epoch 207 | Train loss: 0.06475
2025-06-06 17:56:39,627 - INFO - Epoch 207 | Test  loss: 0.06375
2025-06-06 17:56:44,286 - INFO - Saved sample grid at epoch 207
2025-06-06 17:57:07,821 - INFO - Epoch 208 | Train loss: 0.06410
2025-06-06 17:57:09,103 - INFO - Epoch 208 | Test  loss: 0.06438
2025-06-06 17:57:15,358 - INFO - Saved sample grid at epoch 208
2025-06-06 17:57:39,320 - INFO - Epoch 209 | Train loss: 0.06362
2025-06-06 17:57:40,677 - INFO - Epoch 209 | Test  loss: 0.06425
2025-06-06 17:57:45,970 - INFO - Saved sample grid at epoch 209
2025-06-06 17:58:10,072 - INFO - Epoch 210 | Train loss: 0.06394
2025-06-06 17:58:11,338 - INFO - Epoch 210 | Test  loss: 0.06152
2025-06-06 17:58:17,362 - INFO - Saved sample grid at epoch 210
2025-06-06 17:58:41,942 - INFO - Epoch 211 | Train loss: 0.06427
2025-06-06 17:58:43,253 - INFO - Epoch 211 | Test  loss: 0.06245
2025-06-06 17:58:49,376 - INFO - Saved sample grid at epoch 211
2025-06-06 17:59:13,320 - INFO - Epoch 212 | Train loss: 0.06412
2025-06-06 17:59:14,623 - INFO - Epoch 212 | Test  loss: 0.06282
2025-06-06 17:59:20,739 - INFO - Saved sample grid at epoch 212
2025-06-06 17:59:44,863 - INFO - Epoch 213 | Train loss: 0.06432
2025-06-06 17:59:46,115 - INFO - Epoch 213 | Test  loss: 0.06292
2025-06-06 17:59:51,774 - INFO - Saved sample grid at epoch 213
2025-06-06 18:00:15,945 - INFO - Epoch 214 | Train loss: 0.06449
2025-06-06 18:00:17,281 - INFO - Epoch 214 | Test  loss: 0.06332
2025-06-06 18:00:23,447 - INFO - Saved sample grid at epoch 214
2025-06-06 18:00:47,553 - INFO - Epoch 215 | Train loss: 0.06448
2025-06-06 18:00:48,875 - INFO - Epoch 215 | Test  loss: 0.06552
2025-06-06 18:00:54,930 - INFO - Saved sample grid at epoch 215
2025-06-06 18:01:19,703 - INFO - Epoch 216 | Train loss: 0.06494
2025-06-06 18:01:20,969 - INFO - Epoch 216 | Test  loss: 0.06335
2025-06-06 18:01:27,026 - INFO - Saved sample grid at epoch 216
2025-06-06 18:01:51,585 - INFO - Epoch 217 | Train loss: 0.06447
2025-06-06 18:01:52,864 - INFO - Epoch 217 | Test  loss: 0.06361
2025-06-06 18:01:58,922 - INFO - Saved sample grid at epoch 217
2025-06-06 18:02:23,274 - INFO - Epoch 218 | Train loss: 0.06401
2025-06-06 18:02:24,634 - INFO - Epoch 218 | Test  loss: 0.06234
2025-06-06 18:02:30,655 - INFO - Saved sample grid at epoch 218
2025-06-06 18:02:54,674 - INFO - Epoch 219 | Train loss: 0.06376
2025-06-06 18:02:55,970 - INFO - Epoch 219 | Test  loss: 0.06207
2025-06-06 18:03:02,093 - INFO - Saved sample grid at epoch 219
2025-06-06 18:03:27,466 - INFO - Epoch 220 | Train loss: 0.06470
2025-06-06 18:03:28,840 - INFO - Epoch 220 | Test  loss: 0.06210
2025-06-06 18:03:34,941 - INFO - Saved sample grid at epoch 220
2025-06-06 18:03:59,765 - INFO - Epoch 221 | Train loss: 0.06425
2025-06-06 18:04:01,267 - INFO - Epoch 221 | Test  loss: 0.06183
2025-06-06 18:04:07,101 - INFO - Saved sample grid at epoch 221
2025-06-06 18:04:31,073 - INFO - Epoch 222 | Train loss: 0.06446
2025-06-06 18:04:32,389 - INFO - Epoch 222 | Test  loss: 0.06398
2025-06-06 18:04:38,500 - INFO - Saved sample grid at epoch 222
2025-06-06 18:05:02,039 - INFO - Epoch 223 | Train loss: 0.06514
2025-06-06 18:05:03,300 - INFO - Epoch 223 | Test  loss: 0.06309
2025-06-06 18:05:09,399 - INFO - Saved sample grid at epoch 223
2025-06-06 18:05:33,097 - INFO - Epoch 224 | Train loss: 0.06541
2025-06-06 18:05:34,388 - INFO - Epoch 224 | Test  loss: 0.06020
2025-06-06 18:05:40,361 - INFO - Saved sample grid at epoch 224
2025-06-06 18:06:04,341 - INFO - Epoch 225 | Train loss: 0.06472
2025-06-06 18:06:05,656 - INFO - Epoch 225 | Test  loss: 0.06288
2025-06-06 18:06:11,232 - INFO - Saved sample grid at epoch 225
2025-06-06 18:06:35,541 - INFO - Epoch 226 | Train loss: 0.06400
2025-06-06 18:06:36,888 - INFO - Epoch 226 | Test  loss: 0.06231
2025-06-06 18:06:42,716 - INFO - Saved sample grid at epoch 226
2025-06-06 18:07:07,111 - INFO - Epoch 227 | Train loss: 0.06545
2025-06-06 18:07:08,417 - INFO - Epoch 227 | Test  loss: 0.06176
2025-06-06 18:07:12,737 - INFO - Saved sample grid at epoch 227
2025-06-06 18:07:36,578 - INFO - Epoch 228 | Train loss: 0.06357
2025-06-06 18:07:37,892 - INFO - Epoch 228 | Test  loss: 0.06201
2025-06-06 18:07:43,949 - INFO - Saved sample grid at epoch 228
2025-06-06 18:08:07,996 - INFO - Epoch 229 | Train loss: 0.06344
2025-06-06 18:08:09,300 - INFO - Epoch 229 | Test  loss: 0.06416
2025-06-06 18:08:15,371 - INFO - Saved sample grid at epoch 229
2025-06-06 18:08:39,276 - INFO - Epoch 230 | Train loss: 0.06517
2025-06-06 18:08:40,608 - INFO - Epoch 230 | Test  loss: 0.06164
2025-06-06 18:08:46,608 - INFO - Saved sample grid at epoch 230
2025-06-06 18:09:09,413 - INFO - Epoch 231 | Train loss: 0.06416
2025-06-06 18:09:10,766 - INFO - Epoch 231 | Test  loss: 0.06254
2025-06-06 18:09:16,960 - INFO - Saved sample grid at epoch 231
2025-06-06 18:09:41,486 - INFO - Epoch 232 | Train loss: 0.06479
2025-06-06 18:09:42,790 - INFO - Epoch 232 | Test  loss: 0.06320
2025-06-06 18:09:48,499 - INFO - Saved sample grid at epoch 232
2025-06-06 18:10:12,491 - INFO - Epoch 233 | Train loss: 0.06465
2025-06-06 18:10:13,976 - INFO - Epoch 233 | Test  loss: 0.06274
2025-06-06 18:10:20,074 - INFO - Saved sample grid at epoch 233
2025-06-06 18:10:44,378 - INFO - Epoch 234 | Train loss: 0.06451
2025-06-06 18:10:45,942 - INFO - Epoch 234 | Test  loss: 0.06329
2025-06-06 18:10:51,988 - INFO - Saved sample grid at epoch 234
2025-06-06 18:11:15,815 - INFO - Epoch 235 | Train loss: 0.06507
2025-06-06 18:11:17,107 - INFO - Epoch 235 | Test  loss: 0.06307
2025-06-06 18:11:22,654 - INFO - Saved sample grid at epoch 235
2025-06-06 18:11:46,600 - INFO - Epoch 236 | Train loss: 0.06499
2025-06-06 18:11:47,916 - INFO - Epoch 236 | Test  loss: 0.06507
2025-06-06 18:11:53,291 - INFO - Saved sample grid at epoch 236
2025-06-06 18:12:17,311 - INFO - Epoch 237 | Train loss: 0.06412
2025-06-06 18:12:18,542 - INFO - Epoch 237 | Test  loss: 0.06187
2025-06-06 18:12:23,672 - INFO - Saved sample grid at epoch 237
2025-06-06 18:12:47,826 - INFO - Epoch 238 | Train loss: 0.06412
2025-06-06 18:12:49,137 - INFO - Epoch 238 | Test  loss: 0.06238
2025-06-06 18:12:55,545 - INFO - Saved sample grid at epoch 238
2025-06-06 18:13:19,134 - INFO - Epoch 239 | Train loss: 0.06418
2025-06-06 18:13:20,452 - INFO - Epoch 239 | Test  loss: 0.06202
2025-06-06 18:13:26,486 - INFO - Saved sample grid at epoch 239
2025-06-06 18:13:50,957 - INFO - Epoch 240 | Train loss: 0.06447
2025-06-06 18:13:52,291 - INFO - Epoch 240 | Test  loss: 0.06420
2025-06-06 18:13:58,721 - INFO - Saved sample grid at epoch 240
2025-06-06 18:14:22,810 - INFO - Epoch 241 | Train loss: 0.06422
2025-06-06 18:14:24,096 - INFO - Epoch 241 | Test  loss: 0.06182
2025-06-06 18:14:29,273 - INFO - Saved sample grid at epoch 241
2025-06-06 18:14:53,117 - INFO - Epoch 242 | Train loss: 0.06359
2025-06-06 18:14:54,435 - INFO - Epoch 242 | Test  loss: 0.06303
2025-06-06 18:15:00,694 - INFO - Saved sample grid at epoch 242
2025-06-06 18:15:24,571 - INFO - Epoch 243 | Train loss: 0.06472
2025-06-06 18:15:25,887 - INFO - Epoch 243 | Test  loss: 0.06341
2025-06-06 18:15:31,906 - INFO - Saved sample grid at epoch 243
2025-06-06 18:15:55,968 - INFO - Epoch 244 | Train loss: 0.06391
2025-06-06 18:15:57,217 - INFO - Epoch 244 | Test  loss: 0.06488
2025-06-06 18:16:03,324 - INFO - Saved sample grid at epoch 244
2025-06-06 18:16:27,375 - INFO - Epoch 245 | Train loss: 0.06500
2025-06-06 18:16:28,706 - INFO - Epoch 245 | Test  loss: 0.06312
2025-06-06 18:16:34,765 - INFO - Saved sample grid at epoch 245
2025-06-06 18:16:58,889 - INFO - Epoch 246 | Train loss: 0.06428
2025-06-06 18:17:00,213 - INFO - Epoch 246 | Test  loss: 0.06306
2025-06-06 18:17:06,363 - INFO - Saved sample grid at epoch 246
2025-06-06 18:17:30,601 - INFO - Epoch 247 | Train loss: 0.06432
2025-06-06 18:17:31,911 - INFO - Epoch 247 | Test  loss: 0.06297
2025-06-06 18:17:38,007 - INFO - Saved sample grid at epoch 247
2025-06-06 18:18:01,926 - INFO - Epoch 248 | Train loss: 0.06407
2025-06-06 18:18:03,228 - INFO - Epoch 248 | Test  loss: 0.06415
2025-06-06 18:18:09,270 - INFO - Saved sample grid at epoch 248
2025-06-06 18:18:32,949 - INFO - Epoch 249 | Train loss: 0.06403
2025-06-06 18:18:34,255 - INFO - Epoch 249 | Test  loss: 0.06356
2025-06-06 18:18:40,291 - INFO - Saved sample grid at epoch 249
2025-06-06 18:19:02,829 - INFO - Epoch 250 | Train loss: 0.06485
2025-06-06 18:19:04,135 - INFO - Epoch 250 | Test  loss: 0.06317
2025-06-06 18:19:09,867 - INFO - Saved sample grid at epoch 250
2025-06-06 18:19:33,738 - INFO - Epoch 251 | Train loss: 0.06407
2025-06-06 18:19:35,030 - INFO - Epoch 251 | Test  loss: 0.06309
2025-06-06 18:19:41,126 - INFO - Saved sample grid at epoch 251
2025-06-06 18:20:04,825 - INFO - Epoch 252 | Train loss: 0.06461
2025-06-06 18:20:06,162 - INFO - Epoch 252 | Test  loss: 0.06365
2025-06-06 18:20:12,185 - INFO - Saved sample grid at epoch 252
2025-06-06 18:20:36,242 - INFO - Epoch 253 | Train loss: 0.06478
2025-06-06 18:20:37,593 - INFO - Epoch 253 | Test  loss: 0.06373
2025-06-06 18:20:43,691 - INFO - Saved sample grid at epoch 253
2025-06-06 18:21:07,621 - INFO - Epoch 254 | Train loss: 0.06449
2025-06-06 18:21:08,913 - INFO - Epoch 254 | Test  loss: 0.06373
2025-06-06 18:21:14,968 - INFO - Saved sample grid at epoch 254
2025-06-06 18:21:38,876 - INFO - Epoch 255 | Train loss: 0.06366
2025-06-06 18:21:40,378 - INFO - Epoch 255 | Test  loss: 0.06108
2025-06-06 18:21:46,409 - INFO - Saved sample grid at epoch 255
2025-06-06 18:22:10,337 - INFO - Epoch 256 | Train loss: 0.06380
2025-06-06 18:22:11,643 - INFO - Epoch 256 | Test  loss: 0.06250
2025-06-06 18:22:17,721 - INFO - Saved sample grid at epoch 256
2025-06-06 18:22:41,601 - INFO - Epoch 257 | Train loss: 0.06433
2025-06-06 18:22:42,939 - INFO - Epoch 257 | Test  loss: 0.06506
2025-06-06 18:22:49,322 - INFO - Saved sample grid at epoch 257
2025-06-06 18:23:13,209 - INFO - Epoch 258 | Train loss: 0.06426
2025-06-06 18:23:14,377 - INFO - Epoch 258 | Test  loss: 0.06432
2025-06-06 18:23:20,430 - INFO - Saved sample grid at epoch 258
2025-06-06 18:23:44,485 - INFO - Epoch 259 | Train loss: 0.06411
2025-06-06 18:23:45,691 - INFO - Epoch 259 | Test  loss: 0.06284
2025-06-06 18:23:51,148 - INFO - Saved sample grid at epoch 259
2025-06-06 18:24:16,272 - INFO - Epoch 260 | Train loss: 0.06474
2025-06-06 18:24:17,582 - INFO - Epoch 260 | Test  loss: 0.06297
2025-06-06 18:24:23,675 - INFO - Saved sample grid at epoch 260
2025-06-06 18:24:47,348 - INFO - Epoch 261 | Train loss: 0.06426
2025-06-06 18:24:48,676 - INFO - Epoch 261 | Test  loss: 0.06220
2025-06-06 18:24:54,696 - INFO - Saved sample grid at epoch 261
2025-06-06 18:25:17,873 - INFO - Epoch 262 | Train loss: 0.06464
2025-06-06 18:25:19,157 - INFO - Epoch 262 | Test  loss: 0.06202
2025-06-06 18:25:25,225 - INFO - Saved sample grid at epoch 262
2025-06-06 18:25:49,380 - INFO - Epoch 263 | Train loss: 0.06419
2025-06-06 18:25:50,799 - INFO - Epoch 263 | Test  loss: 0.06262
2025-06-06 18:25:56,503 - INFO - Saved sample grid at epoch 263
2025-06-06 18:26:20,407 - INFO - Epoch 264 | Train loss: 0.06356
2025-06-06 18:26:21,655 - INFO - Epoch 264 | Test  loss: 0.06119
2025-06-06 18:26:27,727 - INFO - Saved sample grid at epoch 264
2025-06-06 18:26:51,733 - INFO - Epoch 265 | Train loss: 0.06431
2025-06-06 18:26:53,028 - INFO - Epoch 265 | Test  loss: 0.06156
2025-06-06 18:26:59,030 - INFO - Saved sample grid at epoch 265
2025-06-06 18:27:23,710 - INFO - Epoch 266 | Train loss: 0.06441
2025-06-06 18:27:25,035 - INFO - Epoch 266 | Test  loss: 0.06509
2025-06-06 18:27:30,400 - INFO - Saved sample grid at epoch 266
2025-06-06 18:27:53,411 - INFO - Epoch 267 | Train loss: 0.06418
2025-06-06 18:27:54,724 - INFO - Epoch 267 | Test  loss: 0.06098
2025-06-06 18:28:00,794 - INFO - Saved sample grid at epoch 267
2025-06-06 18:28:23,884 - INFO - Epoch 268 | Train loss: 0.06410
2025-06-06 18:28:25,360 - INFO - Epoch 268 | Test  loss: 0.06429
2025-06-06 18:28:31,028 - INFO - Saved sample grid at epoch 268
2025-06-06 18:28:54,888 - INFO - Epoch 269 | Train loss: 0.06376
2025-06-06 18:28:56,413 - INFO - Epoch 269 | Test  loss: 0.06310
2025-06-06 18:29:02,376 - INFO - Saved sample grid at epoch 269
2025-06-06 18:29:26,245 - INFO - Epoch 270 | Train loss: 0.06426
2025-06-06 18:29:27,535 - INFO - Epoch 270 | Test  loss: 0.06200
2025-06-06 18:29:33,054 - INFO - Saved sample grid at epoch 270
2025-06-06 18:29:57,385 - INFO - Epoch 271 | Train loss: 0.06476
2025-06-06 18:29:58,717 - INFO - Epoch 271 | Test  loss: 0.06435
2025-06-06 18:30:04,504 - INFO - Saved sample grid at epoch 271
2025-06-06 18:30:28,980 - INFO - Epoch 272 | Train loss: 0.06417
2025-06-06 18:30:30,306 - INFO - Epoch 272 | Test  loss: 0.06362
2025-06-06 18:30:36,391 - INFO - Saved sample grid at epoch 272
2025-06-06 18:31:00,444 - INFO - Epoch 273 | Train loss: 0.06410
2025-06-06 18:31:01,732 - INFO - Epoch 273 | Test  loss: 0.06380
2025-06-06 18:31:07,837 - INFO - Saved sample grid at epoch 273
2025-06-06 18:31:31,650 - INFO - Epoch 274 | Train loss: 0.06414
2025-06-06 18:31:33,182 - INFO - Epoch 274 | Test  loss: 0.06334
2025-06-06 18:31:37,954 - INFO - Saved sample grid at epoch 274
2025-06-06 18:32:01,299 - INFO - Epoch 275 | Train loss: 0.06427
2025-06-06 18:32:02,713 - INFO - Epoch 275 | Test  loss: 0.06199
2025-06-06 18:32:08,867 - INFO - Saved sample grid at epoch 275
2025-06-06 18:32:32,801 - INFO - Epoch 276 | Train loss: 0.06482
2025-06-06 18:32:34,133 - INFO - Epoch 276 | Test  loss: 0.06328
2025-06-06 18:32:40,133 - INFO - Saved sample grid at epoch 276
2025-06-06 18:33:04,293 - INFO - Epoch 277 | Train loss: 0.06497
2025-06-06 18:33:05,596 - INFO - Epoch 277 | Test  loss: 0.06328
2025-06-06 18:33:11,648 - INFO - Saved sample grid at epoch 277
2025-06-06 18:33:36,097 - INFO - Epoch 278 | Train loss: 0.06464
2025-06-06 18:33:37,365 - INFO - Epoch 278 | Test  loss: 0.06297
2025-06-06 18:33:41,810 - INFO - Saved sample grid at epoch 278
2025-06-06 18:34:05,580 - INFO - Epoch 279 | Train loss: 0.06415
2025-06-06 18:34:06,907 - INFO - Epoch 279 | Test  loss: 0.06339
2025-06-06 18:34:12,990 - INFO - Saved sample grid at epoch 279
2025-06-06 18:34:36,844 - INFO - Epoch 280 | Train loss: 0.06439
2025-06-06 18:34:38,136 - INFO - Epoch 280 | Test  loss: 0.06405
2025-06-06 18:34:44,230 - INFO - Saved sample grid at epoch 280
2025-06-06 18:35:07,977 - INFO - Epoch 281 | Train loss: 0.06344
2025-06-06 18:35:09,522 - INFO - Epoch 281 | Test  loss: 0.06111
2025-06-06 18:35:15,578 - INFO - Saved sample grid at epoch 281
2025-06-06 18:35:39,335 - INFO - Epoch 282 | Train loss: 0.06403
2025-06-06 18:35:40,659 - INFO - Epoch 282 | Test  loss: 0.06391
2025-06-06 18:35:46,722 - INFO - Saved sample grid at epoch 282
2025-06-06 18:36:11,014 - INFO - Epoch 283 | Train loss: 0.06388
2025-06-06 18:36:12,356 - INFO - Epoch 283 | Test  loss: 0.06208
2025-06-06 18:36:18,467 - INFO - Saved sample grid at epoch 283
2025-06-06 18:36:43,119 - INFO - Epoch 284 | Train loss: 0.06437
2025-06-06 18:36:44,453 - INFO - Epoch 284 | Test  loss: 0.06148
2025-06-06 18:36:50,488 - INFO - Saved sample grid at epoch 284
2025-06-06 18:37:15,018 - INFO - Epoch 285 | Train loss: 0.06408
2025-06-06 18:37:16,303 - INFO - Epoch 285 | Test  loss: 0.06175
2025-06-06 18:37:22,406 - INFO - Saved sample grid at epoch 285
2025-06-06 18:37:46,417 - INFO - Epoch 286 | Train loss: 0.06419
2025-06-06 18:37:47,960 - INFO - Epoch 286 | Test  loss: 0.06341
2025-06-06 18:37:54,029 - INFO - Saved sample grid at epoch 286
2025-06-06 18:38:18,044 - INFO - Epoch 287 | Train loss: 0.06312
2025-06-06 18:38:19,378 - INFO - Epoch 287 | Test  loss: 0.06343
2025-06-06 18:38:25,697 - INFO - Saved sample grid at epoch 287
2025-06-06 18:38:50,175 - INFO - Epoch 288 | Train loss: 0.06371
2025-06-06 18:38:51,511 - INFO - Epoch 288 | Test  loss: 0.06334
2025-06-06 18:38:57,565 - INFO - Saved sample grid at epoch 288
2025-06-06 18:39:21,588 - INFO - Epoch 289 | Train loss: 0.06387
2025-06-06 18:39:22,814 - INFO - Epoch 289 | Test  loss: 0.06353
2025-06-06 18:39:28,873 - INFO - Saved sample grid at epoch 289
2025-06-06 18:39:52,660 - INFO - Epoch 290 | Train loss: 0.06421
2025-06-06 18:39:54,214 - INFO - Epoch 290 | Test  loss: 0.06340
2025-06-06 18:40:00,219 - INFO - Saved sample grid at epoch 290
2025-06-06 18:40:24,029 - INFO - Epoch 291 | Train loss: 0.06446
2025-06-06 18:40:25,365 - INFO - Epoch 291 | Test  loss: 0.06299
2025-06-06 18:40:31,417 - INFO - Saved sample grid at epoch 291
2025-06-06 18:40:55,237 - INFO - Epoch 292 | Train loss: 0.06440
2025-06-06 18:40:56,513 - INFO - Epoch 292 | Test  loss: 0.06432
2025-06-06 18:41:02,569 - INFO - Saved sample grid at epoch 292
2025-06-06 18:41:26,644 - INFO - Epoch 293 | Train loss: 0.06456
2025-06-06 18:41:27,888 - INFO - Epoch 293 | Test  loss: 0.06370
2025-06-06 18:41:33,912 - INFO - Saved sample grid at epoch 293
2025-06-06 18:41:57,687 - INFO - Epoch 294 | Train loss: 0.06373
2025-06-06 18:41:59,021 - INFO - Epoch 294 | Test  loss: 0.06380
2025-06-06 18:42:05,115 - INFO - Saved sample grid at epoch 294
2025-06-06 18:42:29,209 - INFO - Epoch 295 | Train loss: 0.06530
2025-06-06 18:42:30,509 - INFO - Epoch 295 | Test  loss: 0.06139
2025-06-06 18:42:36,558 - INFO - Saved sample grid at epoch 295
2025-06-06 18:43:00,708 - INFO - Epoch 296 | Train loss: 0.06395
2025-06-06 18:43:02,038 - INFO - Epoch 296 | Test  loss: 0.06281
2025-06-06 18:43:08,352 - INFO - Saved sample grid at epoch 296
2025-06-06 18:43:32,468 - INFO - Epoch 297 | Train loss: 0.06459
2025-06-06 18:43:33,756 - INFO - Epoch 297 | Test  loss: 0.06177
2025-06-06 18:43:39,180 - INFO - Saved sample grid at epoch 297
2025-06-06 18:44:03,137 - INFO - Epoch 298 | Train loss: 0.06404
2025-06-06 18:44:04,537 - INFO - Epoch 298 | Test  loss: 0.06425
2025-06-06 18:44:10,713 - INFO - Saved sample grid at epoch 298
2025-06-06 18:44:34,309 - INFO - Epoch 299 | Train loss: 0.06486
2025-06-06 18:44:35,637 - INFO - Epoch 299 | Test  loss: 0.06287
2025-06-06 18:44:41,701 - INFO - Saved sample grid at epoch 299
2025-06-06 18:45:05,653 - INFO - Epoch 300 | Train loss: 0.06366
2025-06-06 18:45:06,978 - INFO - Epoch 300 | Test  loss: 0.06222
2025-06-06 18:45:12,668 - INFO - Saved sample grid at epoch 300
2025-06-06 18:45:12,750 - INFO - Saved model checkpoint: ./checkpoints/unet_epoch_300.pth
2025-06-06 18:45:36,802 - INFO - Epoch 301 | Train loss: 0.06338
2025-06-06 18:45:38,074 - INFO - Epoch 301 | Test  loss: 0.06086
2025-06-06 18:45:44,220 - INFO - Saved sample grid at epoch 301
2025-06-06 18:46:08,712 - INFO - Epoch 302 | Train loss: 0.06426
2025-06-06 18:46:10,049 - INFO - Epoch 302 | Test  loss: 0.06300
2025-06-06 18:46:16,118 - INFO - Saved sample grid at epoch 302
2025-06-06 18:46:40,281 - INFO - Epoch 303 | Train loss: 0.06356
2025-06-06 18:46:41,592 - INFO - Epoch 303 | Test  loss: 0.06350
2025-06-06 18:46:47,649 - INFO - Saved sample grid at epoch 303
2025-06-06 18:47:11,644 - INFO - Epoch 304 | Train loss: 0.06358
2025-06-06 18:47:12,948 - INFO - Epoch 304 | Test  loss: 0.06264
2025-06-06 18:47:18,973 - INFO - Saved sample grid at epoch 304
2025-06-06 18:47:42,853 - INFO - Epoch 305 | Train loss: 0.06386
2025-06-06 18:47:44,176 - INFO - Epoch 305 | Test  loss: 0.06267
2025-06-06 18:47:50,254 - INFO - Saved sample grid at epoch 305
2025-06-06 18:48:14,131 - INFO - Epoch 306 | Train loss: 0.06348
2025-06-06 18:48:15,450 - INFO - Epoch 306 | Test  loss: 0.06446
2025-06-06 18:48:21,557 - INFO - Saved sample grid at epoch 306
2025-06-06 18:48:45,512 - INFO - Epoch 307 | Train loss: 0.06379
2025-06-06 18:48:46,865 - INFO - Epoch 307 | Test  loss: 0.06254
2025-06-06 18:48:52,958 - INFO - Saved sample grid at epoch 307
2025-06-06 18:49:17,144 - INFO - Epoch 308 | Train loss: 0.06427
2025-06-06 18:49:18,474 - INFO - Epoch 308 | Test  loss: 0.06474
2025-06-06 18:49:24,576 - INFO - Saved sample grid at epoch 308
2025-06-06 18:49:48,823 - INFO - Epoch 309 | Train loss: 0.06426
2025-06-06 18:49:50,096 - INFO - Epoch 309 | Test  loss: 0.06324
2025-06-06 18:49:56,126 - INFO - Saved sample grid at epoch 309
2025-06-06 18:50:20,078 - INFO - Epoch 310 | Train loss: 0.06401
2025-06-06 18:50:21,404 - INFO - Epoch 310 | Test  loss: 0.06230
2025-06-06 18:50:27,104 - INFO - Saved sample grid at epoch 310
2025-06-06 18:50:50,826 - INFO - Epoch 311 | Train loss: 0.06343
2025-06-06 18:50:52,131 - INFO - Epoch 311 | Test  loss: 0.06336
2025-06-06 18:50:58,376 - INFO - Saved sample grid at epoch 311
2025-06-06 18:51:22,080 - INFO - Epoch 312 | Train loss: 0.06410
2025-06-06 18:51:23,423 - INFO - Epoch 312 | Test  loss: 0.06446
2025-06-06 18:51:29,447 - INFO - Saved sample grid at epoch 312
2025-06-06 18:51:52,164 - INFO - Epoch 313 | Train loss: 0.06446
2025-06-06 18:51:53,452 - INFO - Epoch 313 | Test  loss: 0.06254
2025-06-06 18:51:58,478 - INFO - Saved sample grid at epoch 313
2025-06-06 18:52:19,171 - INFO - Epoch 314 | Train loss: 0.06449
2025-06-06 18:52:20,419 - INFO - Epoch 314 | Test  loss: 0.06364
2025-06-06 18:52:25,940 - INFO - Saved sample grid at epoch 314
2025-06-06 18:52:50,286 - INFO - Epoch 315 | Train loss: 0.06359
2025-06-06 18:52:51,596 - INFO - Epoch 315 | Test  loss: 0.06245
2025-06-06 18:52:57,618 - INFO - Saved sample grid at epoch 315
2025-06-06 18:53:21,197 - INFO - Epoch 316 | Train loss: 0.06395
2025-06-06 18:53:22,552 - INFO - Epoch 316 | Test  loss: 0.06167
2025-06-06 18:53:28,650 - INFO - Saved sample grid at epoch 316
2025-06-06 18:53:52,472 - INFO - Epoch 317 | Train loss: 0.06474
2025-06-06 18:53:53,762 - INFO - Epoch 317 | Test  loss: 0.06442
2025-06-06 18:53:59,853 - INFO - Saved sample grid at epoch 317
2025-06-06 18:54:23,803 - INFO - Epoch 318 | Train loss: 0.06408
2025-06-06 18:54:25,156 - INFO - Epoch 318 | Test  loss: 0.06245
2025-06-06 18:54:30,937 - INFO - Saved sample grid at epoch 318
2025-06-06 18:54:54,864 - INFO - Epoch 319 | Train loss: 0.06519
2025-06-06 18:54:56,216 - INFO - Epoch 319 | Test  loss: 0.06127
2025-06-06 18:55:02,257 - INFO - Saved sample grid at epoch 319
2025-06-06 18:55:26,282 - INFO - Epoch 320 | Train loss: 0.06464
2025-06-06 18:55:27,686 - INFO - Epoch 320 | Test  loss: 0.06214
2025-06-06 18:55:33,755 - INFO - Saved sample grid at epoch 320
2025-06-06 18:55:57,905 - INFO - Epoch 321 | Train loss: 0.06410
2025-06-06 18:55:59,134 - INFO - Epoch 321 | Test  loss: 0.06350
2025-06-06 18:56:05,154 - INFO - Saved sample grid at epoch 321
2025-06-06 18:56:29,031 - INFO - Epoch 322 | Train loss: 0.06384
2025-06-06 18:56:30,258 - INFO - Epoch 322 | Test  loss: 0.06453
2025-06-06 18:56:35,794 - INFO - Saved sample grid at epoch 322
2025-06-06 18:56:59,767 - INFO - Epoch 323 | Train loss: 0.06427
2025-06-06 18:57:01,070 - INFO - Epoch 323 | Test  loss: 0.06535
2025-06-06 18:57:06,630 - INFO - Saved sample grid at epoch 323
2025-06-06 18:57:30,699 - INFO - Epoch 324 | Train loss: 0.06495
2025-06-06 18:57:32,190 - INFO - Epoch 324 | Test  loss: 0.06378
2025-06-06 18:57:38,381 - INFO - Saved sample grid at epoch 324
2025-06-06 18:58:02,466 - INFO - Epoch 325 | Train loss: 0.06286
2025-06-06 18:58:03,805 - INFO - Epoch 325 | Test  loss: 0.06490
2025-06-06 18:58:08,992 - INFO - Saved sample grid at epoch 325
2025-06-06 18:58:32,626 - INFO - Epoch 326 | Train loss: 0.06351
2025-06-06 18:58:34,181 - INFO - Epoch 326 | Test  loss: 0.06381
2025-06-06 18:58:40,188 - INFO - Saved sample grid at epoch 326
2025-06-06 18:59:04,076 - INFO - Epoch 327 | Train loss: 0.06444
2025-06-06 18:59:05,361 - INFO - Epoch 327 | Test  loss: 0.06288
2025-06-06 18:59:11,458 - INFO - Saved sample grid at epoch 327
2025-06-06 18:59:35,927 - INFO - Epoch 328 | Train loss: 0.06419
2025-06-06 18:59:37,264 - INFO - Epoch 328 | Test  loss: 0.06212
2025-06-06 18:59:43,343 - INFO - Saved sample grid at epoch 328
2025-06-06 19:00:07,549 - INFO - Epoch 329 | Train loss: 0.06482
2025-06-06 19:00:08,870 - INFO - Epoch 329 | Test  loss: 0.06392
2025-06-06 19:00:14,925 - INFO - Saved sample grid at epoch 329
2025-06-06 19:00:39,167 - INFO - Epoch 330 | Train loss: 0.06469
2025-06-06 19:00:40,496 - INFO - Epoch 330 | Test  loss: 0.06347
2025-06-06 19:00:46,573 - INFO - Saved sample grid at epoch 330
2025-06-06 19:01:10,224 - INFO - Epoch 331 | Train loss: 0.06353
2025-06-06 19:01:11,450 - INFO - Epoch 331 | Test  loss: 0.06099
2025-06-06 19:01:17,602 - INFO - Saved sample grid at epoch 331
2025-06-06 19:01:41,685 - INFO - Epoch 332 | Train loss: 0.06424
2025-06-06 19:01:43,007 - INFO - Epoch 332 | Test  loss: 0.06211
2025-06-06 19:01:49,065 - INFO - Saved sample grid at epoch 332
2025-06-06 19:02:13,255 - INFO - Epoch 333 | Train loss: 0.06313
2025-06-06 19:02:14,567 - INFO - Epoch 333 | Test  loss: 0.06383
2025-06-06 19:02:19,254 - INFO - Saved sample grid at epoch 333
2025-06-06 19:02:43,455 - INFO - Epoch 334 | Train loss: 0.06343
2025-06-06 19:02:44,890 - INFO - Epoch 334 | Test  loss: 0.06269
2025-06-06 19:02:50,935 - INFO - Saved sample grid at epoch 334
2025-06-06 19:03:14,856 - INFO - Epoch 335 | Train loss: 0.06495
2025-06-06 19:03:16,170 - INFO - Epoch 335 | Test  loss: 0.06276
2025-06-06 19:03:22,450 - INFO - Saved sample grid at epoch 335
2025-06-06 19:03:46,102 - INFO - Epoch 336 | Train loss: 0.06434
2025-06-06 19:03:47,398 - INFO - Epoch 336 | Test  loss: 0.06297
2025-06-06 19:03:53,449 - INFO - Saved sample grid at epoch 336
2025-06-06 19:04:17,846 - INFO - Epoch 337 | Train loss: 0.06352
2025-06-06 19:04:19,257 - INFO - Epoch 337 | Test  loss: 0.06297
2025-06-06 19:04:25,613 - INFO - Saved sample grid at epoch 337
2025-06-06 19:04:49,679 - INFO - Epoch 338 | Train loss: 0.06320
2025-06-06 19:04:51,000 - INFO - Epoch 338 | Test  loss: 0.06219
2025-06-06 19:04:55,429 - INFO - Saved sample grid at epoch 338
2025-06-06 19:05:19,660 - INFO - Epoch 339 | Train loss: 0.06441
2025-06-06 19:05:20,997 - INFO - Epoch 339 | Test  loss: 0.06255
2025-06-06 19:05:27,092 - INFO - Saved sample grid at epoch 339
2025-06-06 19:05:51,257 - INFO - Epoch 340 | Train loss: 0.06443
2025-06-06 19:05:52,542 - INFO - Epoch 340 | Test  loss: 0.06379
2025-06-06 19:05:58,929 - INFO - Saved sample grid at epoch 340
2025-06-06 19:06:23,215 - INFO - Epoch 341 | Train loss: 0.06490
2025-06-06 19:06:24,517 - INFO - Epoch 341 | Test  loss: 0.06384
2025-06-06 19:06:30,538 - INFO - Saved sample grid at epoch 341
2025-06-06 19:06:54,323 - INFO - Epoch 342 | Train loss: 0.06380
2025-06-06 19:06:55,586 - INFO - Epoch 342 | Test  loss: 0.06284
2025-06-06 19:07:01,630 - INFO - Saved sample grid at epoch 342
2025-06-06 19:07:23,882 - INFO - Epoch 343 | Train loss: 0.06469
2025-06-06 19:07:25,201 - INFO - Epoch 343 | Test  loss: 0.06275
2025-06-06 19:07:31,561 - INFO - Saved sample grid at epoch 343
2025-06-06 19:07:53,477 - INFO - Epoch 344 | Train loss: 0.06380
2025-06-06 19:07:54,797 - INFO - Epoch 344 | Test  loss: 0.06368
2025-06-06 19:08:00,903 - INFO - Saved sample grid at epoch 344
2025-06-06 19:08:24,456 - INFO - Epoch 345 | Train loss: 0.06481
2025-06-06 19:08:25,759 - INFO - Epoch 345 | Test  loss: 0.06328
2025-06-06 19:08:31,796 - INFO - Saved sample grid at epoch 345
2025-06-06 19:08:56,110 - INFO - Epoch 346 | Train loss: 0.06372
2025-06-06 19:08:57,426 - INFO - Epoch 346 | Test  loss: 0.06330
2025-06-06 19:09:03,465 - INFO - Saved sample grid at epoch 346
2025-06-06 19:09:27,339 - INFO - Epoch 347 | Train loss: 0.06450
2025-06-06 19:09:28,635 - INFO - Epoch 347 | Test  loss: 0.06436
2025-06-06 19:09:34,720 - INFO - Saved sample grid at epoch 347
2025-06-06 19:09:58,285 - INFO - Epoch 348 | Train loss: 0.06348
2025-06-06 19:09:59,931 - INFO - Epoch 348 | Test  loss: 0.06257
2025-06-06 19:10:06,158 - INFO - Saved sample grid at epoch 348
2025-06-06 19:10:30,179 - INFO - Epoch 349 | Train loss: 0.06418
2025-06-06 19:10:31,515 - INFO - Epoch 349 | Test  loss: 0.06171
2025-06-06 19:10:37,582 - INFO - Saved sample grid at epoch 349
2025-06-06 19:11:01,675 - INFO - Epoch 350 | Train loss: 0.06407
2025-06-06 19:11:03,030 - INFO - Epoch 350 | Test  loss: 0.06466
2025-06-06 19:11:07,521 - INFO - Saved sample grid at epoch 350
2025-06-06 19:11:31,969 - INFO - Epoch 351 | Train loss: 0.06415
2025-06-06 19:11:33,320 - INFO - Epoch 351 | Test  loss: 0.06376
2025-06-06 19:11:38,428 - INFO - Saved sample grid at epoch 351
2025-06-06 19:12:02,443 - INFO - Epoch 352 | Train loss: 0.06362
2025-06-06 19:12:03,786 - INFO - Epoch 352 | Test  loss: 0.06311
2025-06-06 19:12:09,046 - INFO - Saved sample grid at epoch 352
2025-06-06 19:12:32,056 - INFO - Epoch 353 | Train loss: 0.06383
2025-06-06 19:12:33,299 - INFO - Epoch 353 | Test  loss: 0.06197
2025-06-06 19:12:39,064 - INFO - Saved sample grid at epoch 353
2025-06-06 19:13:02,021 - INFO - Epoch 354 | Train loss: 0.06466
2025-06-06 19:13:03,386 - INFO - Epoch 354 | Test  loss: 0.06042
2025-06-06 19:13:09,867 - INFO - Saved sample grid at epoch 354
2025-06-06 19:13:34,505 - INFO - Epoch 355 | Train loss: 0.06451
2025-06-06 19:13:35,815 - INFO - Epoch 355 | Test  loss: 0.06341
2025-06-06 19:13:41,919 - INFO - Saved sample grid at epoch 355
2025-06-06 19:14:06,020 - INFO - Epoch 356 | Train loss: 0.06416
2025-06-06 19:14:07,368 - INFO - Epoch 356 | Test  loss: 0.06317
2025-06-06 19:14:13,472 - INFO - Saved sample grid at epoch 356
2025-06-06 19:14:37,927 - INFO - Epoch 357 | Train loss: 0.06371
2025-06-06 19:14:39,229 - INFO - Epoch 357 | Test  loss: 0.06337
2025-06-06 19:14:45,277 - INFO - Saved sample grid at epoch 357
2025-06-06 19:15:09,132 - INFO - Epoch 358 | Train loss: 0.06438
2025-06-06 19:15:10,585 - INFO - Epoch 358 | Test  loss: 0.06386
2025-06-06 19:15:16,339 - INFO - Saved sample grid at epoch 358
2025-06-06 19:15:40,690 - INFO - Epoch 359 | Train loss: 0.06387
2025-06-06 19:15:42,004 - INFO - Epoch 359 | Test  loss: 0.06255
2025-06-06 19:15:48,054 - INFO - Saved sample grid at epoch 359
2025-06-06 19:16:11,799 - INFO - Epoch 360 | Train loss: 0.06407
2025-06-06 19:16:13,111 - INFO - Epoch 360 | Test  loss: 0.06304
2025-06-06 19:16:19,170 - INFO - Saved sample grid at epoch 360
2025-06-06 19:16:42,691 - INFO - Epoch 361 | Train loss: 0.06393
2025-06-06 19:16:43,977 - INFO - Epoch 361 | Test  loss: 0.06223
2025-06-06 19:16:49,472 - INFO - Saved sample grid at epoch 361
2025-06-06 19:17:12,655 - INFO - Epoch 362 | Train loss: 0.06310
2025-06-06 19:17:14,041 - INFO - Epoch 362 | Test  loss: 0.06095
2025-06-06 19:17:20,063 - INFO - Saved sample grid at epoch 362
2025-06-06 19:17:45,526 - INFO - Epoch 363 | Train loss: 0.06344
2025-06-06 19:17:46,825 - INFO - Epoch 363 | Test  loss: 0.06341
2025-06-06 19:17:51,881 - INFO - Saved sample grid at epoch 363
2025-06-06 19:18:15,858 - INFO - Epoch 364 | Train loss: 0.06364
2025-06-06 19:18:17,169 - INFO - Epoch 364 | Test  loss: 0.06231
2025-06-06 19:18:23,240 - INFO - Saved sample grid at epoch 364
2025-06-06 19:18:47,211 - INFO - Epoch 365 | Train loss: 0.06448
2025-06-06 19:18:48,543 - INFO - Epoch 365 | Test  loss: 0.06423
2025-06-06 19:18:54,693 - INFO - Saved sample grid at epoch 365
2025-06-06 19:19:18,982 - INFO - Epoch 366 | Train loss: 0.06414
2025-06-06 19:19:20,309 - INFO - Epoch 366 | Test  loss: 0.06196
2025-06-06 19:19:26,513 - INFO - Saved sample grid at epoch 366
2025-06-06 19:19:49,761 - INFO - Epoch 367 | Train loss: 0.06402
2025-06-06 19:19:51,148 - INFO - Epoch 367 | Test  loss: 0.06036
2025-06-06 19:19:57,172 - INFO - Saved sample grid at epoch 367
2025-06-06 19:20:21,237 - INFO - Epoch 368 | Train loss: 0.06389
2025-06-06 19:20:22,579 - INFO - Epoch 368 | Test  loss: 0.06310
2025-06-06 19:20:28,669 - INFO - Saved sample grid at epoch 368
2025-06-06 19:20:53,343 - INFO - Epoch 369 | Train loss: 0.06373
2025-06-06 19:20:54,674 - INFO - Epoch 369 | Test  loss: 0.06456
2025-06-06 19:21:00,784 - INFO - Saved sample grid at epoch 369
2025-06-06 19:21:25,226 - INFO - Epoch 370 | Train loss: 0.06421
2025-06-06 19:21:26,503 - INFO - Epoch 370 | Test  loss: 0.06280
2025-06-06 19:21:32,546 - INFO - Saved sample grid at epoch 370
2025-06-06 19:21:56,546 - INFO - Epoch 371 | Train loss: 0.06340
2025-06-06 19:21:57,792 - INFO - Epoch 371 | Test  loss: 0.06316
2025-06-06 19:22:03,760 - INFO - Saved sample grid at epoch 371
2025-06-06 19:22:27,989 - INFO - Epoch 372 | Train loss: 0.06368
2025-06-06 19:22:29,287 - INFO - Epoch 372 | Test  loss: 0.06347
2025-06-06 19:22:35,489 - INFO - Saved sample grid at epoch 372
2025-06-06 19:22:59,415 - INFO - Epoch 373 | Train loss: 0.06356
2025-06-06 19:23:00,614 - INFO - Epoch 373 | Test  loss: 0.06433
2025-06-06 19:23:06,720 - INFO - Saved sample grid at epoch 373
2025-06-06 19:23:28,627 - INFO - Epoch 374 | Train loss: 0.06375
2025-06-06 19:23:29,912 - INFO - Epoch 374 | Test  loss: 0.06155
2025-06-06 19:23:36,139 - INFO - Saved sample grid at epoch 374
2025-06-06 19:23:59,689 - INFO - Epoch 375 | Train loss: 0.06373
2025-06-06 19:24:01,001 - INFO - Epoch 375 | Test  loss: 0.06315
2025-06-06 19:24:07,089 - INFO - Saved sample grid at epoch 375
2025-06-06 19:24:29,837 - INFO - Epoch 376 | Train loss: 0.06360
2025-06-06 19:24:31,068 - INFO - Epoch 376 | Test  loss: 0.06514
2025-06-06 19:24:37,389 - INFO - Saved sample grid at epoch 376
2025-06-06 19:24:59,803 - INFO - Epoch 377 | Train loss: 0.06431
2025-06-06 19:25:01,203 - INFO - Epoch 377 | Test  loss: 0.06343
2025-06-06 19:25:06,780 - INFO - Saved sample grid at epoch 377
2025-06-06 19:25:29,793 - INFO - Epoch 378 | Train loss: 0.06424
2025-06-06 19:25:31,025 - INFO - Epoch 378 | Test  loss: 0.06123
2025-06-06 19:25:37,091 - INFO - Saved sample grid at epoch 378
2025-06-06 19:25:57,805 - INFO - Epoch 379 | Train loss: 0.06401
2025-06-06 19:25:59,250 - INFO - Epoch 379 | Test  loss: 0.06381
2025-06-06 19:26:05,293 - INFO - Saved sample grid at epoch 379
2025-06-06 19:26:29,834 - INFO - Epoch 380 | Train loss: 0.06396
2025-06-06 19:26:31,150 - INFO - Epoch 380 | Test  loss: 0.06257
2025-06-06 19:26:37,302 - INFO - Saved sample grid at epoch 380
2025-06-06 19:27:02,052 - INFO - Epoch 381 | Train loss: 0.06319
2025-06-06 19:27:03,346 - INFO - Epoch 381 | Test  loss: 0.06333
2025-06-06 19:27:09,404 - INFO - Saved sample grid at epoch 381
2025-06-06 19:27:33,440 - INFO - Epoch 382 | Train loss: 0.06360
2025-06-06 19:27:34,805 - INFO - Epoch 382 | Test  loss: 0.06346
2025-06-06 19:27:39,878 - INFO - Saved sample grid at epoch 382
2025-06-06 19:28:04,328 - INFO - Epoch 383 | Train loss: 0.06421
2025-06-06 19:28:05,648 - INFO - Epoch 383 | Test  loss: 0.06510
2025-06-06 19:28:11,778 - INFO - Saved sample grid at epoch 383
2025-06-06 19:28:35,918 - INFO - Epoch 384 | Train loss: 0.06305
2025-06-06 19:28:37,224 - INFO - Epoch 384 | Test  loss: 0.06178
2025-06-06 19:28:43,292 - INFO - Saved sample grid at epoch 384
2025-06-06 19:29:06,977 - INFO - Epoch 385 | Train loss: 0.06340
2025-06-06 19:29:08,264 - INFO - Epoch 385 | Test  loss: 0.06279
2025-06-06 19:29:14,476 - INFO - Saved sample grid at epoch 385
2025-06-06 19:29:37,158 - INFO - Epoch 386 | Train loss: 0.06419
2025-06-06 19:29:38,480 - INFO - Epoch 386 | Test  loss: 0.06486
2025-06-06 19:29:44,724 - INFO - Saved sample grid at epoch 386
2025-06-06 19:30:08,495 - INFO - Epoch 387 | Train loss: 0.06344
2025-06-06 19:30:09,787 - INFO - Epoch 387 | Test  loss: 0.05986
2025-06-06 19:30:15,763 - INFO - Saved sample grid at epoch 387
2025-06-06 19:30:39,477 - INFO - Epoch 388 | Train loss: 0.06394
2025-06-06 19:30:40,752 - INFO - Epoch 388 | Test  loss: 0.06296
2025-06-06 19:30:46,870 - INFO - Saved sample grid at epoch 388
2025-06-06 19:31:11,418 - INFO - Epoch 389 | Train loss: 0.06409
2025-06-06 19:31:12,740 - INFO - Epoch 389 | Test  loss: 0.06123
2025-06-06 19:31:18,723 - INFO - Saved sample grid at epoch 389
2025-06-06 19:31:42,695 - INFO - Epoch 390 | Train loss: 0.06390
2025-06-06 19:31:44,131 - INFO - Epoch 390 | Test  loss: 0.06088
2025-06-06 19:31:49,520 - INFO - Saved sample grid at epoch 390
2025-06-06 19:32:13,393 - INFO - Epoch 391 | Train loss: 0.06355
2025-06-06 19:32:14,966 - INFO - Epoch 391 | Test  loss: 0.06441
2025-06-06 19:32:21,134 - INFO - Saved sample grid at epoch 391
2025-06-06 19:32:44,423 - INFO - Epoch 392 | Train loss: 0.06337
2025-06-06 19:32:45,806 - INFO - Epoch 392 | Test  loss: 0.06402
2025-06-06 19:32:51,622 - INFO - Saved sample grid at epoch 392
2025-06-06 19:33:13,842 - INFO - Epoch 393 | Train loss: 0.06331
2025-06-06 19:33:15,132 - INFO - Epoch 393 | Test  loss: 0.06314
2025-06-06 19:33:21,167 - INFO - Saved sample grid at epoch 393
2025-06-06 19:33:45,204 - INFO - Epoch 394 | Train loss: 0.06324
2025-06-06 19:33:46,661 - INFO - Epoch 394 | Test  loss: 0.06309
2025-06-06 19:33:52,217 - INFO - Saved sample grid at epoch 394
2025-06-06 19:34:16,379 - INFO - Epoch 395 | Train loss: 0.06440
2025-06-06 19:34:17,690 - INFO - Epoch 395 | Test  loss: 0.06304
2025-06-06 19:34:23,703 - INFO - Saved sample grid at epoch 395
2025-06-06 19:34:47,510 - INFO - Epoch 396 | Train loss: 0.06531
2025-06-06 19:34:48,817 - INFO - Epoch 396 | Test  loss: 0.06148
2025-06-06 19:34:54,816 - INFO - Saved sample grid at epoch 396
2025-06-06 19:35:19,177 - INFO - Epoch 397 | Train loss: 0.06356
2025-06-06 19:35:20,490 - INFO - Epoch 397 | Test  loss: 0.06304
2025-06-06 19:35:26,501 - INFO - Saved sample grid at epoch 397
2025-06-06 19:35:50,174 - INFO - Epoch 398 | Train loss: 0.06415
2025-06-06 19:35:51,464 - INFO - Epoch 398 | Test  loss: 0.06402
2025-06-06 19:35:57,539 - INFO - Saved sample grid at epoch 398
2025-06-06 19:36:20,938 - INFO - Epoch 399 | Train loss: 0.06339
2025-06-06 19:36:22,264 - INFO - Epoch 399 | Test  loss: 0.06295
2025-06-06 19:36:28,303 - INFO - Saved sample grid at epoch 399
2025-06-06 19:36:52,552 - INFO - Epoch 400 | Train loss: 0.06458
2025-06-06 19:36:53,806 - INFO - Epoch 400 | Test  loss: 0.06072
2025-06-06 19:36:58,207 - INFO - Saved sample grid at epoch 400
2025-06-06 19:36:58,306 - INFO - Saved model checkpoint: ./checkpoints/unet_epoch_400.pth
2025-06-06 19:37:22,363 - INFO - Epoch 401 | Train loss: 0.06432
2025-06-06 19:37:23,668 - INFO - Epoch 401 | Test  loss: 0.06367
2025-06-06 19:37:28,639 - INFO - Saved sample grid at epoch 401
2025-06-06 19:37:53,376 - INFO - Epoch 402 | Train loss: 0.06333
2025-06-06 19:37:54,654 - INFO - Epoch 402 | Test  loss: 0.06042
2025-06-06 19:38:00,765 - INFO - Saved sample grid at epoch 402
2025-06-06 19:38:24,555 - INFO - Epoch 403 | Train loss: 0.06400
2025-06-06 19:38:25,826 - INFO - Epoch 403 | Test  loss: 0.06266
2025-06-06 19:38:30,339 - INFO - Saved sample grid at epoch 403
2025-06-06 19:38:54,253 - INFO - Epoch 404 | Train loss: 0.06429
2025-06-06 19:38:55,551 - INFO - Epoch 404 | Test  loss: 0.06389
2025-06-06 19:39:00,647 - INFO - Saved sample grid at epoch 404
2025-06-06 19:39:24,199 - INFO - Epoch 405 | Train loss: 0.06369
2025-06-06 19:39:25,493 - INFO - Epoch 405 | Test  loss: 0.06305
2025-06-06 19:39:30,939 - INFO - Saved sample grid at epoch 405
2025-06-06 19:39:54,254 - INFO - Epoch 406 | Train loss: 0.06358
2025-06-06 19:39:55,671 - INFO - Epoch 406 | Test  loss: 0.06240
2025-06-06 19:40:01,685 - INFO - Saved sample grid at epoch 406
2025-06-06 19:40:25,527 - INFO - Epoch 407 | Train loss: 0.06391
2025-06-06 19:40:26,859 - INFO - Epoch 407 | Test  loss: 0.06408
2025-06-06 19:40:32,921 - INFO - Saved sample grid at epoch 407
2025-06-06 19:40:57,287 - INFO - Epoch 408 | Train loss: 0.06427
2025-06-06 19:40:58,520 - INFO - Epoch 408 | Test  loss: 0.06290
2025-06-06 19:41:04,298 - INFO - Saved sample grid at epoch 408
2025-06-06 19:41:27,162 - INFO - Epoch 409 | Train loss: 0.06372
2025-06-06 19:41:28,464 - INFO - Epoch 409 | Test  loss: 0.06329
2025-06-06 19:41:34,466 - INFO - Saved sample grid at epoch 409
2025-06-06 19:41:57,635 - INFO - Epoch 410 | Train loss: 0.06351
2025-06-06 19:41:58,938 - INFO - Epoch 410 | Test  loss: 0.06145
2025-06-06 19:42:05,086 - INFO - Saved sample grid at epoch 410
2025-06-06 19:42:28,936 - INFO - Epoch 411 | Train loss: 0.06460
2025-06-06 19:42:30,239 - INFO - Epoch 411 | Test  loss: 0.06262
2025-06-06 19:42:36,158 - INFO - Saved sample grid at epoch 411
2025-06-06 19:43:00,074 - INFO - Epoch 412 | Train loss: 0.06380
2025-06-06 19:43:01,381 - INFO - Epoch 412 | Test  loss: 0.06402
2025-06-06 19:43:07,452 - INFO - Saved sample grid at epoch 412
2025-06-06 19:43:31,881 - INFO - Epoch 413 | Train loss: 0.06297
2025-06-06 19:43:33,276 - INFO - Epoch 413 | Test  loss: 0.06381
2025-06-06 19:43:39,347 - INFO - Saved sample grid at epoch 413
2025-06-06 19:44:03,313 - INFO - Epoch 414 | Train loss: 0.06435
2025-06-06 19:44:04,629 - INFO - Epoch 414 | Test  loss: 0.06198
2025-06-06 19:44:10,715 - INFO - Saved sample grid at epoch 414
2025-06-06 19:44:34,903 - INFO - Epoch 415 | Train loss: 0.06327
2025-06-06 19:44:36,218 - INFO - Epoch 415 | Test  loss: 0.06356
2025-06-06 19:44:42,267 - INFO - Saved sample grid at epoch 415
2025-06-06 19:45:05,894 - INFO - Epoch 416 | Train loss: 0.06363
2025-06-06 19:45:07,277 - INFO - Epoch 416 | Test  loss: 0.06344
2025-06-06 19:45:13,405 - INFO - Saved sample grid at epoch 416
2025-06-06 19:45:37,221 - INFO - Epoch 417 | Train loss: 0.06414
2025-06-06 19:45:38,492 - INFO - Epoch 417 | Test  loss: 0.06343
2025-06-06 19:45:44,540 - INFO - Saved sample grid at epoch 417
2025-06-06 19:46:08,493 - INFO - Epoch 418 | Train loss: 0.06392
2025-06-06 19:46:09,772 - INFO - Epoch 418 | Test  loss: 0.06416
2025-06-06 19:46:15,793 - INFO - Saved sample grid at epoch 418
2025-06-06 19:46:39,724 - INFO - Epoch 419 | Train loss: 0.06376
2025-06-06 19:46:41,007 - INFO - Epoch 419 | Test  loss: 0.06486
2025-06-06 19:46:47,039 - INFO - Saved sample grid at epoch 419
2025-06-06 19:47:11,363 - INFO - Epoch 420 | Train loss: 0.06355
2025-06-06 19:47:12,702 - INFO - Epoch 420 | Test  loss: 0.06341
2025-06-06 19:47:17,800 - INFO - Saved sample grid at epoch 420
2025-06-06 19:47:41,914 - INFO - Epoch 421 | Train loss: 0.06371
2025-06-06 19:47:43,305 - INFO - Epoch 421 | Test  loss: 0.06429
2025-06-06 19:47:49,380 - INFO - Saved sample grid at epoch 421
2025-06-06 19:48:13,344 - INFO - Epoch 422 | Train loss: 0.06349
2025-06-06 19:48:14,634 - INFO - Epoch 422 | Test  loss: 0.06171
2025-06-06 19:48:20,660 - INFO - Saved sample grid at epoch 422
2025-06-06 19:48:44,775 - INFO - Epoch 423 | Train loss: 0.06391
2025-06-06 19:48:46,097 - INFO - Epoch 423 | Test  loss: 0.06238
2025-06-06 19:48:52,318 - INFO - Saved sample grid at epoch 423
2025-06-06 19:49:16,512 - INFO - Epoch 424 | Train loss: 0.06313
2025-06-06 19:49:17,826 - INFO - Epoch 424 | Test  loss: 0.06359
2025-06-06 19:49:23,879 - INFO - Saved sample grid at epoch 424
2025-06-06 19:49:47,486 - INFO - Epoch 425 | Train loss: 0.06336
2025-06-06 19:49:48,759 - INFO - Epoch 425 | Test  loss: 0.06386
2025-06-06 19:49:55,071 - INFO - Saved sample grid at epoch 425
2025-06-06 19:50:19,510 - INFO - Epoch 426 | Train loss: 0.06348
2025-06-06 19:50:21,000 - INFO - Epoch 426 | Test  loss: 0.06293
2025-06-06 19:50:27,011 - INFO - Saved sample grid at epoch 426
2025-06-06 19:50:51,060 - INFO - Epoch 427 | Train loss: 0.06315
2025-06-06 19:50:52,284 - INFO - Epoch 427 | Test  loss: 0.06172
2025-06-06 19:50:58,311 - INFO - Saved sample grid at epoch 427
2025-06-06 19:51:23,047 - INFO - Epoch 428 | Train loss: 0.06324
2025-06-06 19:51:24,373 - INFO - Epoch 428 | Test  loss: 0.06221
2025-06-06 19:51:30,372 - INFO - Saved sample grid at epoch 428
2025-06-06 19:51:53,152 - INFO - Epoch 429 | Train loss: 0.06393
2025-06-06 19:51:54,426 - INFO - Epoch 429 | Test  loss: 0.06328
2025-06-06 19:52:00,723 - INFO - Saved sample grid at epoch 429
2025-06-06 19:52:23,918 - INFO - Epoch 430 | Train loss: 0.06341
2025-06-06 19:52:25,129 - INFO - Epoch 430 | Test  loss: 0.06270
2025-06-06 19:52:30,637 - INFO - Saved sample grid at epoch 430
2025-06-06 19:52:53,974 - INFO - Epoch 431 | Train loss: 0.06328
2025-06-06 19:52:55,437 - INFO - Epoch 431 | Test  loss: 0.06143
2025-06-06 19:53:01,512 - INFO - Saved sample grid at epoch 431
2025-06-06 19:53:23,680 - INFO - Epoch 432 | Train loss: 0.06342
2025-06-06 19:53:25,102 - INFO - Epoch 432 | Test  loss: 0.06402
2025-06-06 19:53:31,395 - INFO - Saved sample grid at epoch 432
2025-06-06 19:53:55,601 - INFO - Epoch 433 | Train loss: 0.06426
2025-06-06 19:53:56,836 - INFO - Epoch 433 | Test  loss: 0.06285
2025-06-06 19:54:02,904 - INFO - Saved sample grid at epoch 433
2025-06-06 19:54:26,933 - INFO - Epoch 434 | Train loss: 0.06357
2025-06-06 19:54:28,615 - INFO - Epoch 434 | Test  loss: 0.06302
2025-06-06 19:54:34,661 - INFO - Saved sample grid at epoch 434
2025-06-06 19:54:58,841 - INFO - Epoch 435 | Train loss: 0.06319
2025-06-06 19:55:00,092 - INFO - Epoch 435 | Test  loss: 0.06166
2025-06-06 19:55:04,960 - INFO - Saved sample grid at epoch 435
2025-06-06 19:55:28,802 - INFO - Epoch 436 | Train loss: 0.06413
2025-06-06 19:55:30,121 - INFO - Epoch 436 | Test  loss: 0.06184
2025-06-06 19:55:36,271 - INFO - Saved sample grid at epoch 436
2025-06-06 19:56:00,261 - INFO - Epoch 437 | Train loss: 0.06293
2025-06-06 19:56:01,650 - INFO - Epoch 437 | Test  loss: 0.06226
2025-06-06 19:56:07,797 - INFO - Saved sample grid at epoch 437
2025-06-06 19:56:31,389 - INFO - Epoch 438 | Train loss: 0.06339
2025-06-06 19:56:32,710 - INFO - Epoch 438 | Test  loss: 0.06344
2025-06-06 19:56:38,791 - INFO - Saved sample grid at epoch 438
2025-06-06 19:57:02,769 - INFO - Epoch 439 | Train loss: 0.06325
2025-06-06 19:57:04,080 - INFO - Epoch 439 | Test  loss: 0.06280
2025-06-06 19:57:10,187 - INFO - Saved sample grid at epoch 439
2025-06-06 19:57:34,425 - INFO - Epoch 440 | Train loss: 0.06343
2025-06-06 19:57:35,772 - INFO - Epoch 440 | Test  loss: 0.06263
2025-06-06 19:57:41,915 - INFO - Saved sample grid at epoch 440
2025-06-06 19:58:06,135 - INFO - Epoch 441 | Train loss: 0.06427
2025-06-06 19:58:07,425 - INFO - Epoch 441 | Test  loss: 0.06416
2025-06-06 19:58:12,895 - INFO - Saved sample grid at epoch 441
2025-06-06 19:58:36,683 - INFO - Epoch 442 | Train loss: 0.06415
2025-06-06 19:58:38,008 - INFO - Epoch 442 | Test  loss: 0.06127
2025-06-06 19:58:43,287 - INFO - Saved sample grid at epoch 442
2025-06-06 19:59:07,682 - INFO - Epoch 443 | Train loss: 0.06368
2025-06-06 19:59:08,968 - INFO - Epoch 443 | Test  loss: 0.06264
2025-06-06 19:59:14,996 - INFO - Saved sample grid at epoch 443
2025-06-06 19:59:38,580 - INFO - Epoch 444 | Train loss: 0.06365
2025-06-06 19:59:39,921 - INFO - Epoch 444 | Test  loss: 0.06252
2025-06-06 19:59:46,174 - INFO - Saved sample grid at epoch 444
2025-06-06 20:00:10,129 - INFO - Epoch 445 | Train loss: 0.06507
2025-06-06 20:00:11,466 - INFO - Epoch 445 | Test  loss: 0.06278
2025-06-06 20:00:17,828 - INFO - Saved sample grid at epoch 445
2025-06-06 20:00:42,603 - INFO - Epoch 446 | Train loss: 0.06413
2025-06-06 20:00:43,912 - INFO - Epoch 446 | Test  loss: 0.06143
2025-06-06 20:00:49,979 - INFO - Saved sample grid at epoch 446
2025-06-06 20:01:14,034 - INFO - Epoch 447 | Train loss: 0.06443
2025-06-06 20:01:15,333 - INFO - Epoch 447 | Test  loss: 0.06172
2025-06-06 20:01:21,318 - INFO - Saved sample grid at epoch 447
2025-06-06 20:01:45,203 - INFO - Epoch 448 | Train loss: 0.06311
2025-06-06 20:01:46,488 - INFO - Epoch 448 | Test  loss: 0.06133
2025-06-06 20:01:52,509 - INFO - Saved sample grid at epoch 448
2025-06-06 20:02:16,518 - INFO - Epoch 449 | Train loss: 0.06303
2025-06-06 20:02:17,860 - INFO - Epoch 449 | Test  loss: 0.06221
2025-06-06 20:02:23,932 - INFO - Saved sample grid at epoch 449
2025-06-06 20:02:47,592 - INFO - Epoch 450 | Train loss: 0.06354
2025-06-06 20:02:48,912 - INFO - Epoch 450 | Test  loss: 0.06268
2025-06-06 20:02:54,777 - INFO - Saved sample grid at epoch 450
2025-06-06 20:03:18,899 - INFO - Epoch 451 | Train loss: 0.06305
2025-06-06 20:03:20,235 - INFO - Epoch 451 | Test  loss: 0.06315
2025-06-06 20:03:26,252 - INFO - Saved sample grid at epoch 451
2025-06-06 20:03:50,085 - INFO - Epoch 452 | Train loss: 0.06378
2025-06-06 20:03:51,340 - INFO - Epoch 452 | Test  loss: 0.06300
2025-06-06 20:03:57,454 - INFO - Saved sample grid at epoch 452
2025-06-06 20:04:22,093 - INFO - Epoch 453 | Train loss: 0.06369
2025-06-06 20:04:23,619 - INFO - Epoch 453 | Test  loss: 0.06121
2025-06-06 20:04:29,691 - INFO - Saved sample grid at epoch 453
2025-06-06 20:04:53,571 - INFO - Epoch 454 | Train loss: 0.06325
2025-06-06 20:04:54,903 - INFO - Epoch 454 | Test  loss: 0.06206
2025-06-06 20:05:00,958 - INFO - Saved sample grid at epoch 454
2025-06-06 20:05:24,941 - INFO - Epoch 455 | Train loss: 0.06374
2025-06-06 20:05:26,222 - INFO - Epoch 455 | Test  loss: 0.06327
2025-06-06 20:05:30,452 - INFO - Saved sample grid at epoch 455
2025-06-06 20:05:54,671 - INFO - Epoch 456 | Train loss: 0.06402
2025-06-06 20:05:55,934 - INFO - Epoch 456 | Test  loss: 0.06334
2025-06-06 20:06:00,819 - INFO - Saved sample grid at epoch 456
2025-06-06 20:06:24,098 - INFO - Epoch 457 | Train loss: 0.06399
2025-06-06 20:06:25,416 - INFO - Epoch 457 | Test  loss: 0.06217
2025-06-06 20:06:31,547 - INFO - Saved sample grid at epoch 457
2025-06-06 20:06:55,503 - INFO - Epoch 458 | Train loss: 0.06351
2025-06-06 20:06:56,820 - INFO - Epoch 458 | Test  loss: 0.06274
2025-06-06 20:07:02,944 - INFO - Saved sample grid at epoch 458
2025-06-06 20:07:26,646 - INFO - Epoch 459 | Train loss: 0.06358
2025-06-06 20:07:27,892 - INFO - Epoch 459 | Test  loss: 0.06296
2025-06-06 20:07:33,950 - INFO - Saved sample grid at epoch 459
2025-06-06 20:07:58,054 - INFO - Epoch 460 | Train loss: 0.06357
2025-06-06 20:07:59,317 - INFO - Epoch 460 | Test  loss: 0.06470
2025-06-06 20:08:05,738 - INFO - Saved sample grid at epoch 460
2025-06-06 20:08:29,452 - INFO - Epoch 461 | Train loss: 0.06315
2025-06-06 20:08:30,723 - INFO - Epoch 461 | Test  loss: 0.06139
2025-06-06 20:08:36,427 - INFO - Saved sample grid at epoch 461
2025-06-06 20:09:00,575 - INFO - Epoch 462 | Train loss: 0.06364
2025-06-06 20:09:01,891 - INFO - Epoch 462 | Test  loss: 0.06244
2025-06-06 20:09:08,119 - INFO - Saved sample grid at epoch 462
2025-06-06 20:09:31,427 - INFO - Epoch 463 | Train loss: 0.06354
2025-06-06 20:09:32,683 - INFO - Epoch 463 | Test  loss: 0.06497
2025-06-06 20:09:38,370 - INFO - Saved sample grid at epoch 463
2025-06-06 20:10:02,162 - INFO - Epoch 464 | Train loss: 0.06438
2025-06-06 20:10:03,469 - INFO - Epoch 464 | Test  loss: 0.06320
2025-06-06 20:10:09,585 - INFO - Saved sample grid at epoch 464
2025-06-06 20:10:33,478 - INFO - Epoch 465 | Train loss: 0.06389
2025-06-06 20:10:34,685 - INFO - Epoch 465 | Test  loss: 0.06288
2025-06-06 20:10:40,759 - INFO - Saved sample grid at epoch 465
2025-06-06 20:11:05,156 - INFO - Epoch 466 | Train loss: 0.06354
2025-06-06 20:11:06,485 - INFO - Epoch 466 | Test  loss: 0.06128
2025-06-06 20:11:12,545 - INFO - Saved sample grid at epoch 466
2025-06-06 20:11:36,567 - INFO - Epoch 467 | Train loss: 0.06227
2025-06-06 20:11:37,863 - INFO - Epoch 467 | Test  loss: 0.06501
2025-06-06 20:11:44,130 - INFO - Saved sample grid at epoch 467
2025-06-06 20:12:07,902 - INFO - Epoch 468 | Train loss: 0.06393
2025-06-06 20:12:09,374 - INFO - Epoch 468 | Test  loss: 0.06089
2025-06-06 20:12:15,442 - INFO - Saved sample grid at epoch 468
2025-06-06 20:12:38,567 - INFO - Epoch 469 | Train loss: 0.06396
2025-06-06 20:12:40,010 - INFO - Epoch 469 | Test  loss: 0.06480
2025-06-06 20:12:46,196 - INFO - Saved sample grid at epoch 469
2025-06-06 20:13:10,010 - INFO - Epoch 470 | Train loss: 0.06422
2025-06-06 20:13:11,360 - INFO - Epoch 470 | Test  loss: 0.06405
2025-06-06 20:13:17,408 - INFO - Saved sample grid at epoch 470
2025-06-06 20:13:41,387 - INFO - Epoch 471 | Train loss: 0.06342
2025-06-06 20:13:42,720 - INFO - Epoch 471 | Test  loss: 0.06135
2025-06-06 20:13:48,806 - INFO - Saved sample grid at epoch 471
2025-06-06 20:14:14,183 - INFO - Epoch 472 | Train loss: 0.06387
2025-06-06 20:14:15,498 - INFO - Epoch 472 | Test  loss: 0.06130
2025-06-06 20:14:20,514 - INFO - Saved sample grid at epoch 472
2025-06-06 20:14:44,302 - INFO - Epoch 473 | Train loss: 0.06298
2025-06-06 20:14:45,628 - INFO - Epoch 473 | Test  loss: 0.06148
2025-06-06 20:14:51,599 - INFO - Saved sample grid at epoch 473
2025-06-06 20:15:15,283 - INFO - Epoch 474 | Train loss: 0.06388
2025-06-06 20:15:16,602 - INFO - Epoch 474 | Test  loss: 0.06202
2025-06-06 20:15:22,513 - INFO - Saved sample grid at epoch 474
2025-06-06 20:15:46,739 - INFO - Epoch 475 | Train loss: 0.06338
2025-06-06 20:15:48,011 - INFO - Epoch 475 | Test  loss: 0.06326
2025-06-06 20:15:54,329 - INFO - Saved sample grid at epoch 475
2025-06-06 20:16:18,464 - INFO - Epoch 476 | Train loss: 0.06301
2025-06-06 20:16:19,744 - INFO - Epoch 476 | Test  loss: 0.06395
2025-06-06 20:16:25,841 - INFO - Saved sample grid at epoch 476
2025-06-06 20:16:50,488 - INFO - Epoch 477 | Train loss: 0.06373
2025-06-06 20:16:51,758 - INFO - Epoch 477 | Test  loss: 0.06291
2025-06-06 20:16:56,313 - INFO - Saved sample grid at epoch 477
2025-06-06 20:17:20,328 - INFO - Epoch 478 | Train loss: 0.06412
2025-06-06 20:17:21,648 - INFO - Epoch 478 | Test  loss: 0.06241
2025-06-06 20:17:27,731 - INFO - Saved sample grid at epoch 478
2025-06-06 20:17:51,677 - INFO - Epoch 479 | Train loss: 0.06323
2025-06-06 20:17:53,010 - INFO - Epoch 479 | Test  loss: 0.06178
2025-06-06 20:17:59,098 - INFO - Saved sample grid at epoch 479
2025-06-06 20:18:22,855 - INFO - Epoch 480 | Train loss: 0.06318
2025-06-06 20:18:24,094 - INFO - Epoch 480 | Test  loss: 0.06250
2025-06-06 20:18:30,411 - INFO - Saved sample grid at epoch 480
2025-06-06 20:18:54,394 - INFO - Epoch 481 | Train loss: 0.06335
2025-06-06 20:18:55,683 - INFO - Epoch 481 | Test  loss: 0.06411
2025-06-06 20:19:01,780 - INFO - Saved sample grid at epoch 481
2025-06-06 20:19:25,810 - INFO - Epoch 482 | Train loss: 0.06306
2025-06-06 20:19:27,126 - INFO - Epoch 482 | Test  loss: 0.06191
2025-06-06 20:19:33,211 - INFO - Saved sample grid at epoch 482
2025-06-06 20:19:57,764 - INFO - Epoch 483 | Train loss: 0.06386
2025-06-06 20:19:59,038 - INFO - Epoch 483 | Test  loss: 0.06266
2025-06-06 20:20:05,180 - INFO - Saved sample grid at epoch 483
2025-06-06 20:20:29,496 - INFO - Epoch 484 | Train loss: 0.06301
2025-06-06 20:20:30,810 - INFO - Epoch 484 | Test  loss: 0.06311
2025-06-06 20:20:36,878 - INFO - Saved sample grid at epoch 484
2025-06-06 20:21:01,093 - INFO - Epoch 485 | Train loss: 0.06361
2025-06-06 20:21:02,416 - INFO - Epoch 485 | Test  loss: 0.06401
2025-06-06 20:21:08,458 - INFO - Saved sample grid at epoch 485
2025-06-06 20:21:32,765 - INFO - Epoch 486 | Train loss: 0.06344
2025-06-06 20:21:34,102 - INFO - Epoch 486 | Test  loss: 0.06194
2025-06-06 20:21:40,308 - INFO - Saved sample grid at epoch 486
2025-06-06 20:22:04,271 - INFO - Epoch 487 | Train loss: 0.06376
2025-06-06 20:22:05,571 - INFO - Epoch 487 | Test  loss: 0.06310
2025-06-06 20:22:11,620 - INFO - Saved sample grid at epoch 487
